This is pdfTeX, Version 3.1415926-2.5-1.40.14 (MiKTeX 2.9) (preloaded format=pdflatex 2014.10.12)  20 SEP 2015 12:39
entering extended mode
**LMEmodels.tex
(C:\Users\Kevin\Documents\GitHub\MCS01-Intro\LMEmodels.tex
LaTeX2e <2011/06/27>
Babel <v3.8m> and hyphenation patterns for english, afrikaans, ancientgreek, ar
abic, armenian, assamese, basque, bengali, bokmal, bulgarian, catalan, coptic, 
croatian, czech, danish, dutch, esperanto, estonian, farsi, finnish, french, ga
lician, german, german-x-2013-05-26, greek, gujarati, hindi, hungarian, iceland
ic, indonesian, interlingua, irish, italian, kannada, kurmanji, latin, latvian,
 lithuanian, malayalam, marathi, mongolian, mongolianlmc, monogreek, ngerman, n
german-x-2013-05-26, nynorsk, oriya, panjabi, pinyin, polish, portuguese, roman
ian, russian, sanskrit, serbian, slovak, slovenian, spanish, swedish, swissgerm
an, tamil, telugu, turkish, turkmen, ukenglish, ukrainian, uppersorbian, usengl
ishmax, welsh, loaded.
("C:\Program Files (x86)\MiKTeX 2.9\tex\latex\base\report.cls"
Document Class: report 2007/10/19 v1.4h Standard LaTeX document class
("C:\Program Files (x86)\MiKTeX 2.9\tex\latex\base\size12.clo"
File: size12.clo 2007/10/19 v1.4h Standard LaTeX file (size option)
)
\c@part=\count79
\c@chapter=\count80
\c@section=\count81
\c@subsection=\count82
\c@subsubsection=\count83
\c@paragraph=\count84
\c@subparagraph=\count85
\c@figure=\count86
\c@table=\count87
\abovecaptionskip=\skip41
\belowcaptionskip=\skip42
\bibindent=\dimen102
)
(C:\Users\Kevin\AppData\Roaming\MiKTeX\2.9\tex\latex\natbib\natbib.sty
Package: natbib 2010/09/13 8.31b (PWD, AO)
\bibhang=\skip43
\bibsep=\skip44
LaTeX Info: Redefining \cite on input line 694.
\c@NAT@ctr=\count88
)
(C:\Users\Kevin\AppData\Roaming\MiKTeX\2.9\tex\latex\ieeepes\vmargin.sty
Package: vmargin 1999/06/01

Package `vmargin', V2.2, <1999/06/01>
\PaperWidth=\dimen103
\PaperHeight=\dimen104
) ("C:\Program Files (x86)\MiKTeX 2.9\tex\latex\graphics\epsfig.sty"
Package: epsfig 1999/02/16 v1.7a (e)psfig emulation (SPQR)

("C:\Program Files (x86)\MiKTeX 2.9\tex\latex\graphics\graphicx.sty"
Package: graphicx 1999/02/16 v1.0f Enhanced LaTeX Graphics (DPC,SPQR)

("C:\Program Files (x86)\MiKTeX 2.9\tex\latex\graphics\keyval.sty"
Package: keyval 1999/03/16 v1.13 key=value parser (DPC)
\KV@toks@=\toks14
)
("C:\Program Files (x86)\MiKTeX 2.9\tex\latex\graphics\graphics.sty"
Package: graphics 2009/02/05 v1.0o Standard LaTeX Graphics (DPC,SPQR)

("C:\Program Files (x86)\MiKTeX 2.9\tex\latex\graphics\trig.sty"
Package: trig 1999/03/16 v1.09 sin cos tan (DPC)
)
("C:\Program Files (x86)\MiKTeX 2.9\tex\latex\00miktex\graphics.cfg"
File: graphics.cfg 2007/01/18 v1.5 graphics configuration of teTeX/TeXLive
)
Package graphics Info: Driver file: pdftex.def on input line 91.

("C:\Program Files (x86)\MiKTeX 2.9\tex\latex\pdftex-def\pdftex.def"
File: pdftex.def 2011/05/27 v0.06d Graphics/color for pdfTeX

("C:\Program Files (x86)\MiKTeX 2.9\tex\generic\oberdiek\infwarerr.sty"
Package: infwarerr 2010/04/08 v1.3 Providing info/warning/error messages (HO)
)
("C:\Program Files (x86)\MiKTeX 2.9\tex\generic\oberdiek\ltxcmds.sty"
Package: ltxcmds 2011/11/09 v1.22 LaTeX kernel commands for general use (HO)
)
\Gread@gobject=\count89
))
\Gin@req@height=\dimen105
\Gin@req@width=\dimen106
)
\epsfxsize=\dimen107
\epsfysize=\dimen108
)
(C:\Users\Kevin\AppData\Roaming\MiKTeX\2.9\tex\latex\subfigure\subfigure.sty
Package: subfigure 2002/07/30 v2.1.4 subfigure package
\subfigtopskip=\skip45
\subfigcapskip=\skip46
\subfigcaptopadj=\dimen109
\subfigbottomskip=\skip47
\subfigcapmargin=\dimen110
\subfiglabelskip=\skip48
\c@subfigure=\count90
\c@lofdepth=\count91
\c@subtable=\count92
\c@lotdepth=\count93

****************************************
* Local config file subfigure.cfg used *
****************************************
(C:\Users\Kevin\AppData\Roaming\MiKTeX\2.9\tex\latex\subfigure\subfigure.cfg)
\subfig@top=\skip49
\subfig@bottom=\skip50
)
("C:\Program Files (x86)\MiKTeX 2.9\tex\latex\amsfonts\amssymb.sty"
Package: amssymb 2013/01/14 v3.01 AMS font symbols

("C:\Program Files (x86)\MiKTeX 2.9\tex\latex\amsfonts\amsfonts.sty"
Package: amsfonts 2013/01/14 v3.01 Basic AMSFonts support
\@emptytoks=\toks15
\symAMSa=\mathgroup4
\symAMSb=\mathgroup5
LaTeX Font Info:    Overwriting math alphabet `\mathfrak' in version `bold'
(Font)                  U/euf/m/n --> U/euf/b/n on input line 106.
))
("C:\Program Files (x86)\MiKTeX 2.9\tex\latex\amsmath\amsbsy.sty"
Package: amsbsy 1999/11/29 v1.2d

("C:\Program Files (x86)\MiKTeX 2.9\tex\latex\amsmath\amsgen.sty"
File: amsgen.sty 1999/11/30 v2.0
\@emptytoks=\toks16
\ex@=\dimen111
)
\pmbraise@=\dimen112
)
("C:\Program Files (x86)\MiKTeX 2.9\tex\latex\amscls\amsthm.sty"
Package: amsthm 2004/08/06 v2.20
\thm@style=\toks17
\thm@bodyfont=\toks18
\thm@headfont=\toks19
\thm@notefont=\toks20
\thm@headpunct=\toks21
\thm@preskip=\skip51
\thm@postskip=\skip52
\thm@headsep=\skip53
\dth@everypar=\toks22
)
("C:\Program Files (x86)\MiKTeX 2.9\tex\latex\amsmath\amsmath.sty"
Package: amsmath 2013/01/14 v2.14 AMS math features
\@mathmargin=\skip54

For additional information on amsmath, use the `?' option.
("C:\Program Files (x86)\MiKTeX 2.9\tex\latex\amsmath\amstext.sty"
Package: amstext 2000/06/29 v2.01
)
("C:\Program Files (x86)\MiKTeX 2.9\tex\latex\amsmath\amsopn.sty"
Package: amsopn 1999/12/14 v2.01 operator names
)
\inf@bad=\count94
LaTeX Info: Redefining \frac on input line 210.
\uproot@=\count95
\leftroot@=\count96
LaTeX Info: Redefining \overline on input line 306.
\classnum@=\count97
\DOTSCASE@=\count98
LaTeX Info: Redefining \ldots on input line 378.
LaTeX Info: Redefining \dots on input line 381.
LaTeX Info: Redefining \cdots on input line 466.
\Mathstrutbox@=\box26
\strutbox@=\box27
\big@size=\dimen113
LaTeX Font Info:    Redeclaring font encoding OML on input line 566.
LaTeX Font Info:    Redeclaring font encoding OMS on input line 567.
\macc@depth=\count99
\c@MaxMatrixCols=\count100
\dotsspace@=\muskip10
\c@parentequation=\count101
\dspbrk@lvl=\count102
\tag@help=\toks23
\row@=\count103
\column@=\count104
\maxfields@=\count105
\andhelp@=\toks24
\eqnshift@=\dimen114
\alignsep@=\dimen115
\tagshift@=\dimen116
\tagwidth@=\dimen117
\totwidth@=\dimen118
\lineht@=\dimen119
\@envbody=\toks25
\multlinegap=\skip55
\multlinetaggap=\skip56
\mathdisplay@stack=\toks26
LaTeX Info: Redefining \[ on input line 2665.
LaTeX Info: Redefining \] on input line 2666.
)
(C:\Users\Kevin\Documents\GitHub\MCS01-Intro\LMEmodels.aux)
LaTeX Font Info:    Checking defaults for OML/cmm/m/it on input line 20.
LaTeX Font Info:    ... okay on input line 20.
LaTeX Font Info:    Checking defaults for T1/cmr/m/n on input line 20.
LaTeX Font Info:    ... okay on input line 20.
LaTeX Font Info:    Checking defaults for OT1/cmr/m/n on input line 20.
LaTeX Font Info:    ... okay on input line 20.
LaTeX Font Info:    Checking defaults for OMS/cmsy/m/n on input line 20.
LaTeX Font Info:    ... okay on input line 20.
LaTeX Font Info:    Checking defaults for OMX/cmex/m/n on input line 20.
LaTeX Font Info:    ... okay on input line 20.
LaTeX Font Info:    Checking defaults for U/cmr/m/n on input line 20.
LaTeX Font Info:    ... okay on input line 20.

(C:\Users\Kevin\AppData\Roaming\MiKTeX\2.9\tex\context\base\supp-pdf.mkii
[Loading MPS to PDF converter (version 2006.09.02).]
\scratchcounter=\count106
\scratchdimen=\dimen120
\scratchbox=\box28
\nofMPsegments=\count107
\nofMParguments=\count108
\everyMPshowfont=\toks27
\MPscratchCnt=\count109
\MPscratchDim=\dimen121
\MPnumerator=\count110
\makeMPintoPDFobject=\count111
\everyMPtoPDFconversion=\toks28
)
LaTeX Font Info:    Try loading font information for U+msa on input line 24.
 ("C:\Program Files (x86)\MiKTeX 2.9\tex\latex\amsfonts\umsa.fd"
File: umsa.fd 2013/01/14 v3.01 AMS symbols A
)
LaTeX Font Info:    Try loading font information for U+msb on input line 24.

("C:\Program Files (x86)\MiKTeX 2.9\tex\latex\amsfonts\umsb.fd"
File: umsb.fd 2013/01/14 v3.01 AMS symbols B
) [1

{C:/Users/Kevin/AppData/Local/MiKTeX/2.9/pdftex/config/pdftex.map}]
(C:\Users\Kevin\Documents\GitHub\MCS01-Intro\LMEmodels.toc [1

])
\tf@toc=\write3
 [2]

Package natbib Warning: Citation `Demi' on page 3 undefined on input line 33.

LaTeX Font Info:    Try loading font information for OMS+cmr on input line 49.
("C:\Program Files (x86)\MiKTeX 2.9\tex\latex\base\omscmr.fd"
File: omscmr.fd 1999/05/25 v2.5h Standard LaTeX font definitions
)
LaTeX Font Info:    Font shape `OMS/cmr/m/n' in size <12> not available
(Font)              Font shape `OMS/cmsy/m/n' tried instead on input line 49.

Underfull \hbox (badness 10000) in paragraph at lines 58--72

 []

[3]
Missing character: There is no – in font cmr12!


Package natbib Warning: Citation `Faraway' on page 4 undefined on input line 11
7.


Package natbib Warning: Citation `Demi' on page 4 undefined on input line 120.

[4]

Package natbib Warning: Citation `Demi' on page 5 undefined on input line 125.


Package natbib Warning: Citation `Demi' on page 5 undefined on input line 140.


Package natbib Warning: Citation `Demi' on page 5 undefined on input line 143.

[5]

Package natbib Warning: Citation `McCullSearle' on page 6 undefined on input li
ne 163.


Package natbib Warning: Citation `Searle' on page 6 undefined on input line 179
.


Package natbib Warning: Citation `Searle' on page 6 undefined on input line 185
.


Package natbib Warning: Citation `Demi' on page 6 undefined on input line 201.


Package natbib Warning: Citation `Searle' on page 6 undefined on input line 210
.

[6]

Package natbib Warning: Citation `McCullSearle' on page 7 undefined on input li
ne 227.


Package natbib Warning: Citation `BrownPrescott' on page 7 undefined on input l
ine 238.


Package natbib Warning: Citation `BrownPrescott' on page 7 undefined on input l
ine 241.


Package natbib Warning: Citation `Searle' on page 7 undefined on input line 249
.

[7] [8]

Package natbib Warning: Citation `pb' on page 9 undefined on input line 287.

[9]

Package natbib Warning: Citation `pb' on page 10 undefined on input line 357.

[10] [11]

Package natbib Warning: Citation `Henderson50' on page 12 undefined on input li
ne 404.


Package natbib Warning: Citation `Henderson63' on page 12 undefined on input li
ne 404.


Package natbib Warning: Citation `Henderson73' on page 12 undefined on input li
ne 404.


Package natbib Warning: Citation `Henderson84a' on page 12 undefined on input l
ine 404.

[12] [13]
Chapter 1.

Package natbib Warning: Citation `Faraway' on page 14 undefined on input line 4
93.


Package natbib Warning: Citation `Demi' on page 14 undefined on input line 496.



Package natbib Warning: Citation `Demi' on page 14 undefined on input line 501.


[14

]

Package natbib Warning: Citation `Demi' on page 15 undefined on input line 516.



Package natbib Warning: Citation `Demi' on page 15 undefined on input line 519.


[15]

Package natbib Warning: Citation `McCullSearle' on page 16 undefined on input l
ine 539.


Package natbib Warning: Citation `Searle' on page 16 undefined on input line 55
5.


Package natbib Warning: Citation `Searle' on page 16 undefined on input line 56
1.


Package natbib Warning: Citation `Demi' on page 16 undefined on input line 577.



Package natbib Warning: Citation `Searle' on page 16 undefined on input line 58
6.

[16]

Package natbib Warning: Citation `McCullSearle' on page 17 undefined on input l
ine 603.


Package natbib Warning: Citation `BrownPrescott' on page 17 undefined on input 
line 614.


Package natbib Warning: Citation `BrownPrescott' on page 17 undefined on input 
line 617.


Package natbib Warning: Citation `Searle' on page 17 undefined on input line 62
5.

[17]

Package natbib Warning: Citation `Searle' on page 18 undefined on input line 66
5.


Package natbib Warning: Citation `Searle' on page 18 undefined on input line 69
2.


Package natbib Warning: Citation `Searle' on page 18 undefined on input line 70
6.

[18]

Package natbib Warning: Citation `Searle' on page 19 undefined on input line 71
6.


Package natbib Warning: Citation `BrownPrescott' on page 19 undefined on input 
line 720.


Package natbib Warning: Citation `Demi' on page 19 undefined on input line 730.



Package natbib Warning: Citation `BrownPrescott' on page 19 undefined on input 
line 746.

[19]

Package natbib Warning: Citation `lw82' on page 20 undefined on input line 776.



Package natbib Warning: Citation `Henderson59' on page 20 undefined on input li
ne 818.


Package natbib Warning: Citation `Robinson' on page 20 undefined on input line 
824.

[20]

Package natbib Warning: Citation `Henderson50' on page 21 undefined on input li
ne 850.


Package natbib Warning: Citation `Henderson63' on page 21 undefined on input li
ne 850.


Package natbib Warning: Citation `Henderson73' on page 21 undefined on input li
ne 850.


Package natbib Warning: Citation `Henderson84a' on page 21 undefined on input l
ine 850.

[21] [22]

Package natbib Warning: Citation `Demi' on page 23 undefined on input line 901.



Package natbib Warning: Citation `PT71' on page 23 undefined on input line 906.



Package natbib Warning: Citation `Harville' on page 23 undefined on input line 
907.


Package natbib Warning: Citation `McCullSearle' on page 23 undefined on input l
ine 919.


Package natbib Warning: Citation `PB' on page 23 undefined on input line 946.

[23]

Package natbib Warning: Citation `PB' on page 24 undefined on input line 963.

[24] [25]

Package natbib Warning: Citation `pb' on page 26 undefined on input line 1034.

[26]

Package natbib Warning: Citation `Demi' on page 27 undefined on input line 1089
.


Package natbib Warning: Citation `Demi' on page 27 undefined on input line 1093
.

[27]
Chapter 2.

Overfull \hbox (7.35411pt too wide) in paragraph at lines 1100--1100
[]\OT1/cmr/bx/n/17.28 Distinction be-tween Clas-si-cal Mod-els and Mixed
 []


Package natbib Warning: Citation `Demi' on page 28 undefined on input line 1101
.


Package natbib Warning: Citation `Demi' on page 28 undefined on input line 1116
.


Package natbib Warning: Citation `Demi' on page 28 undefined on input line 1119
.

[28

]

Package natbib Warning: Citation `Demi' on page 29 undefined on input line 1133
.


Package natbib Warning: Citation `PT71' on page 29 undefined on input line 1138
.


Package natbib Warning: Citation `Harville' on page 29 undefined on input line 
1139.


Package natbib Warning: Citation `McCullSearle' on page 29 undefined on input l
ine 1151.

[29]

Package natbib Warning: Citation `McCullSearle' on page 30 undefined on input l
ine 1183.


Package natbib Warning: Citation `Searle' on page 30 undefined on input line 11
99.


Package natbib Warning: Citation `Searle' on page 30 undefined on input line 12
05.


Package natbib Warning: Citation `Demi' on page 30 undefined on input line 1221
.


Package natbib Warning: Citation `Searle' on page 30 undefined on input line 12
30.

[30]

Package natbib Warning: Citation `McCullSearle' on page 31 undefined on input l
ine 1247.


Package natbib Warning: Citation `BrownPrescott' on page 31 undefined on input 
line 1258.


Package natbib Warning: Citation `BrownPrescott' on page 31 undefined on input 
line 1261.


Package natbib Warning: Citation `Searle' on page 31 undefined on input line 12
69.

[31]

Package natbib Warning: Citation `Searle' on page 32 undefined on input line 13
09.


Package natbib Warning: Citation `Searle' on page 32 undefined on input line 13
36.


Package natbib Warning: Citation `Searle' on page 32 undefined on input line 13
50.

[32]

Package natbib Warning: Citation `Searle' on page 33 undefined on input line 13
60.


Package natbib Warning: Citation `BrownPrescott' on page 33 undefined on input 
line 1364.


Package natbib Warning: Citation `Demi' on page 33 undefined on input line 1374
.


Package natbib Warning: Citation `BrownPrescott' on page 33 undefined on input 
line 1390.

[33]

Package natbib Warning: Citation `lw82' on page 34 undefined on input line 1420
.


Package natbib Warning: Citation `Henderson59' on page 34 undefined on input li
ne 1462.


Package natbib Warning: Citation `Robinson' on page 34 undefined on input line 
1468.

[34]

Package natbib Warning: Citation `Henderson50' on page 35 undefined on input li
ne 1493.


Package natbib Warning: Citation `Henderson63' on page 35 undefined on input li
ne 1493.


Package natbib Warning: Citation `Henderson73' on page 35 undefined on input li
ne 1493.


Package natbib Warning: Citation `Henderson84a' on page 35 undefined on input l
ine 1493.

[35]

Package natbib Warning: There were undefined citations.

[36] (C:\Users\Kevin\Documents\GitHub\MCS01-Intro\LMEmodels.aux) ) 
Here is how much of TeX's memory you used:
 2752 strings out of 493921
 34418 string characters out of 3144875
 100672 words of memory out of 3000000
 6023 multiletter control sequences out of 15000+200000
 14146 words of font info for 54 fonts, out of 3000000 for 9000
 841 hyphenation exceptions out of 8191
 34i,8n,26p,258b,233s stack positions out of 5000i,500n,10000p,200000b,50000s
<C:/Program F
iles (x86)/MiKTeX 2.9/fonts/type1/public/amsfonts/cm/cmbx12.pfb><C:/Program Fil
es (x86)/MiKTeX 2.9/fonts/type1/public/amsfonts/cm/cmex10.pfb><C:/Program Files
 (x86)/MiKTeX 2.9/fonts/type1/public/amsfonts/cm/cmmi12.pfb><C:/Program Files (
x86)/MiKTeX 2.9/fonts/type1/public/amsfonts/cm/cmmi6.pfb><C:/Program Files (x86
)/MiKTeX 2.9/fonts/type1/public/amsfonts/cm/cmmi8.pfb><C:/Program Files (x86)/M
iKTeX 2.9/fonts/type1/public/amsfonts/cm/cmr12.pfb><C:/Program Files (x86)/MiKT
eX 2.9/fonts/type1/public/amsfonts/cm/cmr17.pfb><C:/Program Files (x86)/MiKTeX 
2.9/fonts/type1/public/amsfonts/cm/cmr8.pfb><C:/Program Files (x86)/MiKTeX 2.9/
fonts/type1/public/amsfonts/cm/cmsy10.pfb><C:/Program Files (x86)/MiKTeX 2.9/fo
nts/type1/public/amsfonts/cm/cmsy8.pfb><C:/Program Files (x86)/MiKTeX 2.9/fonts
/type1/public/amsfonts/cm/cmti12.pfb><C:/Program Files (x86)/MiKTeX 2.9/fonts/t
ype1/public/amsfonts/cm/cmtt12.pfb>
Output written on LMEmodels.pdf (37 pages, 232703 bytes).
PDF statistics:
 171 PDF objects out of 1000 (max. 8388607)
 0 named destinations out of 1000 (max. 500000)
 1 words of extra memory for PDF output out of 10000 (max. 10000000)

