This is pdfTeX, Version 3.1415926-1.40.9 (MiKTeX 2.7) (preloaded format=pdflatex 2010.4.3)  31 AUG 2010 19:48
entering extended mode
**C:/Documents*and*Settings/kevin.obrien/My*Documents/WRITEUP/Master*Chapter*2*
Draft*LMES.tex

("C:/Documents and Settings/kevin.obrien/My Documents/WRITEUP/Master Chapter 2 
Draft LMES.tex"
LaTeX2e <2005/12/01>
Babel <v3.8l> and hyphenation patterns for english, dumylang, nohyphenation, ge
rman, ngerman, german-x-2008-06-18, ngerman-x-2008-06-18, french, loaded.
("C:\Program Files\MiKTeX 2.7\tex\latex\base\article.cls"
Document Class: article 2005/09/16 v1.4f Standard LaTeX document class
("C:\Program Files\MiKTeX 2.7\tex\latex\base\size12.clo"
File: size12.clo 2005/09/16 v1.4f Standard LaTeX file (size option)
)
\c@part=\count79
\c@section=\count80
\c@subsection=\count81
\c@subsubsection=\count82
\c@paragraph=\count83
\c@subparagraph=\count84
\c@figure=\count85
\c@table=\count86
\abovecaptionskip=\skip41
\belowcaptionskip=\skip42
\bibindent=\dimen102
)
("C:\Program Files\MiKTeX 2.7\tex\latex\graphics\epsfig.sty"
Package: epsfig 1999/02/16 v1.7a (e)psfig emulation (SPQR)

("C:\Program Files\MiKTeX 2.7\tex\latex\graphics\graphicx.sty"
Package: graphicx 1999/02/16 v1.0f Enhanced LaTeX Graphics (DPC,SPQR)

("C:\Program Files\MiKTeX 2.7\tex\latex\graphics\keyval.sty"
Package: keyval 1999/03/16 v1.13 key=value parser (DPC)
\KV@toks@=\toks14
)
("C:\Program Files\MiKTeX 2.7\tex\latex\graphics\graphics.sty"
Package: graphics 2006/02/20 v1.0o Standard LaTeX Graphics (DPC,SPQR)

("C:\Program Files\MiKTeX 2.7\tex\latex\graphics\trig.sty"
Package: trig 1999/03/16 v1.09 sin cos tan (DPC)
)
("C:\Program Files\MiKTeX 2.7\tex\latex\00miktex\graphics.cfg"
File: graphics.cfg 2007/01/18 v1.5 graphics configuration of teTeX/TeXLive
)
Package graphics Info: Driver file: pdftex.def on input line 90.

("C:\Program Files\MiKTeX 2.7\tex\latex\pdftex-def\pdftex.def"
File: pdftex.def 2008/09/08 v0.04l Graphics/color for pdfTeX
\Gread@gobject=\count87
))
\Gin@req@height=\dimen103
\Gin@req@width=\dimen104
)
\epsfxsize=\dimen105
\epsfysize=\dimen106
)
("C:\Program Files\MiKTeX 2.7\tex\latex\subfigure\subfigure.sty"
Package: subfigure 2002/07/30 v2.1.4 subfigure package
\subfigtopskip=\skip43
\subfigcapskip=\skip44
\subfigcaptopadj=\dimen107
\subfigbottomskip=\skip45
\subfigcapmargin=\dimen108
\subfiglabelskip=\skip46
\c@subfigure=\count88
\c@lofdepth=\count89
\c@subtable=\count90
\c@lotdepth=\count91

****************************************
* Local config file subfigure.cfg used *
****************************************
("C:\Program Files\MiKTeX 2.7\tex\latex\subfigure\subfigure.cfg")
\subfig@top=\skip47
\subfig@bottom=\skip48
)
("C:\Program Files\MiKTeX 2.7\tex\latex\amsfonts\amssymb.sty"
Package: amssymb 2002/01/22 v2.2d

("C:\Program Files\MiKTeX 2.7\tex\latex\amsfonts\amsfonts.sty"
Package: amsfonts 2001/10/25 v2.2f
\@emptytoks=\toks15
\symAMSa=\mathgroup4
\symAMSb=\mathgroup5
LaTeX Font Info:    Overwriting math alphabet `\mathfrak' in version `bold'
(Font)                  U/euf/m/n --> U/euf/b/n on input line 132.
))
("C:\Program Files\MiKTeX 2.7\tex\latex\amsmath\amsbsy.sty"
Package: amsbsy 1999/11/29 v1.2d

("C:\Program Files\MiKTeX 2.7\tex\latex\amsmath\amsgen.sty"
File: amsgen.sty 1999/11/30 v2.0
\@emptytoks=\toks16
\ex@=\dimen109
)
\pmbraise@=\dimen110
)
("C:\Program Files\MiKTeX 2.7\tex\latex\amscls\amsthm.sty"
Package: amsthm 2004/08/06 v2.20
\thm@style=\toks17
\thm@bodyfont=\toks18
\thm@headfont=\toks19
\thm@notefont=\toks20
\thm@headpunct=\toks21
\thm@preskip=\skip49
\thm@postskip=\skip50
\thm@headsep=\skip51
\dth@everypar=\toks22
)
("C:\Program Files\MiKTeX 2.7\tex\latex\natbib\natbib.sty"
Package: natbib 2009/02/02 8.3 (PWD, AO)
\bibhang=\skip52
\bibsep=\skip53
LaTeX Info: Redefining \cite on input line 694.
\c@NAT@ctr=\count92
)
("C:\Program Files\MiKTeX 2.7\tex\latex\ieeepes\vmargin.sty"
Package: vmargin 1999/06/01

Package `vmargin', V2.2, <1999/06/01>
\PaperWidth=\dimen111
\PaperHeight=\dimen112
)
\c@theorem=\count93
\c@axiom=\count94
\c@definition=\count95
\c@notation=\count96
\c@remark=\count97
\c@example=\count98
 ("Master Chapter 2 Draft LMES.aux")
LaTeX Font Info:    Checking defaults for OML/cmm/m/it on input line 38.
LaTeX Font Info:    ... okay on input line 38.
LaTeX Font Info:    Checking defaults for T1/cmr/m/n on input line 38.
LaTeX Font Info:    ... okay on input line 38.
LaTeX Font Info:    Checking defaults for OT1/cmr/m/n on input line 38.
LaTeX Font Info:    ... okay on input line 38.
LaTeX Font Info:    Checking defaults for OMS/cmsy/m/n on input line 38.
LaTeX Font Info:    ... okay on input line 38.
LaTeX Font Info:    Checking defaults for OMX/cmex/m/n on input line 38.
LaTeX Font Info:    ... okay on input line 38.
LaTeX Font Info:    Checking defaults for U/cmr/m/n on input line 38.
LaTeX Font Info:    ... okay on input line 38.

("C:\Program Files\MiKTeX 2.7\tex\context\base\supp-pdf.tex"
[Loading MPS to PDF converter (version 2006.09.02).]
\scratchcounter=\count99
\scratchdimen=\dimen113
\scratchbox=\box26
\nofMPsegments=\count100
\nofMParguments=\count101
\everyMPshowfont=\toks23
\MPscratchCnt=\count102
\MPscratchDim=\dimen114
\MPnumerator=\count103
\everyMPtoPDFconversion=\toks24
) [1

{C:/Documents and Settings/All Users/Application Data/MiKTeX/2.7/pdftex/config/
pdftex.map}]
LaTeX Font Info:    Try loading font information for U+msa on input line 64.
 ("C:\Program Files\MiKTeX 2.7\tex\latex\amsfonts\umsa.fd"
File: umsa.fd 2002/01/19 v2.2g AMS font definitions
)
LaTeX Font Info:    Try loading font information for U+msb on input line 64.

("C:\Program Files\MiKTeX 2.7\tex\latex\amsfonts\umsb.fd"
File: umsb.fd 2002/01/19 v2.2g AMS font definitions
) [2] [3] [4] [5]
[6] [7] [8] [9] [10] [11] [12] [13] [14] [15] [16] [17] [18] [19] [20] [21]
Missing character: There is no ’ in font cmr12!

[22] [23] [24] [25] ("Master Chapter 2 Draft LMES.bbl"
Missing character: There is no – in font cmr12!
Missing character: There is no – in font cmr12!
Missing character: There is no – in font cmr12!
Missing character: There is no – in font cmr12!
 [26]
Missing character: There is no – in font cmr12!
Missing character: There is no – in font cmr12!
Missing character: There is no – in font cmr12!
Missing character: There is no – in font cmr12!
 [27]) [28]
("Master Chapter 2 Draft LMES.aux") ) 
Here is how much of TeX's memory you used:
 2076 strings out of 95304
 24797 string characters out of 1183033
 77999 words of memory out of 1500000
 5274 multiletter control sequences out of 110000
 12790 words of font info for 47 fonts, out of 3000000 for 5000
 14 hyphenation exceptions out of 8191
 32i,12n,24p,969b,234s stack positions out of 5000i,500n,10000p,200000b,50000s
<C:/Program Files/MiKTeX 2.7/fonts/type1/b
luesky/cm/cmbx12.pfb><C:/Program Files/MiKTeX 2.7/fonts/type1/bluesky/cm/cmbx8.
pfb><C:/Program Files/MiKTeX 2.7/fonts/type1/bluesky/cm/cmex10.pfb><C:/Program 
Files/MiKTeX 2.7/fonts/type1/bluesky/cm/cmmi12.pfb><C:/Program Files/MiKTeX 2.7
/fonts/type1/bluesky/cm/cmmi6.pfb><C:/Program Files/MiKTeX 2.7/fonts/type1/blue
sky/cm/cmmi8.pfb><C:/Program Files/MiKTeX 2.7/fonts/type1/bluesky/cm/cmmib10.pf
b><C:/Program Files/MiKTeX 2.7/fonts/type1/bluesky/ams/cmmib7.pfb><C:/Program F
iles/MiKTeX 2.7/fonts/type1/bluesky/cm/cmr12.pfb><C:/Program Files/MiKTeX 2.7/f
onts/type1/bluesky/cm/cmr6.pfb><C:/Program Files/MiKTeX 2.7/fonts/type1/bluesky
/cm/cmr8.pfb><C:/Program Files/MiKTeX 2.7/fonts/type1/bluesky/cm/cmsy10.pfb><C:
/Program Files/MiKTeX 2.7/fonts/type1/bluesky/cm/cmsy6.pfb><C:/Program Files/Mi
KTeX 2.7/fonts/type1/bluesky/cm/cmsy8.pfb><C:/Program Files/MiKTeX 2.7/fonts/ty
pe1/bluesky/cm/cmti12.pfb><C:/Program Files/MiKTeX 2.7/fonts/type1/bluesky/cm/c
mtt12.pfb>
Output written on "Master Chapter 2 Draft LMES.pdf" (28 pages, 163404 bytes).
PDF statistics:
 158 PDF objects out of 1000 (max. 8388607)
 0 named destinations out of 1000 (max. 131072)
 1 words of extra memory for PDF output out of 10000 (max. 10000000)

