This is pdfTeX, Version 3.1415926-2.5-1.40.14 (MiKTeX 2.9) (preloaded format=pdflatex 2014.10.11)  23 FEB 2015 22:11
entering extended mode
**Master*Chapter*1*and*2**full.tex
("E:\MCS-Chap1-master\Master Chapter 1 and 2  full.tex"
LaTeX2e <2011/06/27>
Babel <v3.8m> and hyphenation patterns for english, afrikaans, ancientgreek, ar
abic, armenian, assamese, basque, bengali, bokmal, bulgarian, catalan, coptic, 
croatian, czech, danish, dutch, esperanto, estonian, farsi, finnish, french, ga
lician, german, german-x-2013-05-26, greek, gujarati, hindi, hungarian, iceland
ic, indonesian, interlingua, irish, italian, kannada, kurmanji, latin, latvian,
 lithuanian, malayalam, marathi, mongolian, mongolianlmc, monogreek, ngerman, n
german-x-2013-05-26, nynorsk, oriya, panjabi, pinyin, polish, portuguese, roman
ian, russian, sanskrit, serbian, slovak, slovenian, spanish, swedish, swissgerm
an, tamil, telugu, turkish, turkmen, ukenglish, ukrainian, uppersorbian, usengl
ishmax, welsh, loaded.
("C:\Program Files (x86)\MiKTeX 2.9\tex\latex\base\report.cls"
Document Class: report 2007/10/19 v1.4h Standard LaTeX document class
("C:\Program Files (x86)\MiKTeX 2.9\tex\latex\base\size12.clo"
File: size12.clo 2007/10/19 v1.4h Standard LaTeX file (size option)
)
\c@part=\count79
\c@chapter=\count80
\c@section=\count81
\c@subsection=\count82
\c@subsubsection=\count83
\c@paragraph=\count84
\c@subparagraph=\count85
\c@figure=\count86
\c@table=\count87
\abovecaptionskip=\skip41
\belowcaptionskip=\skip42
\bibindent=\dimen102
)
("C:\Program Files (x86)\MiKTeX 2.9\tex\latex\graphics\epsfig.sty"
Package: epsfig 1999/02/16 v1.7a (e)psfig emulation (SPQR)

("C:\Program Files (x86)\MiKTeX 2.9\tex\latex\graphics\graphicx.sty"
Package: graphicx 1999/02/16 v1.0f Enhanced LaTeX Graphics (DPC,SPQR)

("C:\Program Files (x86)\MiKTeX 2.9\tex\latex\graphics\keyval.sty"
Package: keyval 1999/03/16 v1.13 key=value parser (DPC)
\KV@toks@=\toks14
)
("C:\Program Files (x86)\MiKTeX 2.9\tex\latex\graphics\graphics.sty"
Package: graphics 2009/02/05 v1.0o Standard LaTeX Graphics (DPC,SPQR)

("C:\Program Files (x86)\MiKTeX 2.9\tex\latex\graphics\trig.sty"
Package: trig 1999/03/16 v1.09 sin cos tan (DPC)
)
("C:\Program Files (x86)\MiKTeX 2.9\tex\latex\00miktex\graphics.cfg"
File: graphics.cfg 2007/01/18 v1.5 graphics configuration of teTeX/TeXLive
)
Package graphics Info: Driver file: pdftex.def on input line 91.

("C:\Program Files (x86)\MiKTeX 2.9\tex\latex\pdftex-def\pdftex.def"
File: pdftex.def 2011/05/27 v0.06d Graphics/color for pdfTeX

("C:\Program Files (x86)\MiKTeX 2.9\tex\generic\oberdiek\infwarerr.sty"
Package: infwarerr 2010/04/08 v1.3 Providing info/warning/error messages (HO)
)
("C:\Program Files (x86)\MiKTeX 2.9\tex\generic\oberdiek\ltxcmds.sty"
Package: ltxcmds 2011/11/09 v1.22 LaTeX kernel commands for general use (HO)
)
\Gread@gobject=\count88
))
\Gin@req@height=\dimen103
\Gin@req@width=\dimen104
)
\epsfxsize=\dimen105
\epsfysize=\dimen106
)
("C:\Users\Computer 7\AppData\Roaming\MiKTeX\2.9\tex\latex\subfigure\subfigure.
sty"
Package: subfigure 2002/07/30 v2.1.4 subfigure package
\subfigtopskip=\skip43
\subfigcapskip=\skip44
\subfigcaptopadj=\dimen107
\subfigbottomskip=\skip45
\subfigcapmargin=\dimen108
\subfiglabelskip=\skip46
\c@subfigure=\count89
\c@lofdepth=\count90
\c@subtable=\count91
\c@lotdepth=\count92

****************************************
* Local config file subfigure.cfg used *
****************************************

("C:\Users\Computer 7\AppData\Roaming\MiKTeX\2.9\tex\latex\subfigure\subfigure.
cfg")
\subfig@top=\skip47
\subfig@bottom=\skip48
) ("C:\Program Files (x86)\MiKTeX 2.9\tex\latex\amsfonts\amssymb.sty"
Package: amssymb 2013/01/14 v3.01 AMS font symbols

("C:\Program Files (x86)\MiKTeX 2.9\tex\latex\amsfonts\amsfonts.sty"
Package: amsfonts 2013/01/14 v3.01 Basic AMSFonts support
\@emptytoks=\toks15
\symAMSa=\mathgroup4
\symAMSb=\mathgroup5
LaTeX Font Info:    Overwriting math alphabet `\mathfrak' in version `bold'
(Font)                  U/euf/m/n --> U/euf/b/n on input line 106.
))
("C:\Users\Computer 7\AppData\Roaming\MiKTeX\2.9\tex\latex\subfiles\subfiles.st
y"
Package: subfiles 2012/05/23 Federico Garcia
 ("C:\Program Files (x86)\MiKTeX 2.9\tex\latex\tools\verbatim.sty"
Package: verbatim 2003/08/22 v1.5q LaTeX2e package for verbatim enhancements
\every@verbatim=\toks16
\verbatim@line=\toks17
\verbatim@in@stream=\read1
))
("C:\Users\Computer 7\AppData\Roaming\MiKTeX\2.9\tex\latex\framed\framed.sty"
Package: framed 2011/10/22 v 0.96: framed or shaded text with page breaks
\OuterFrameSep=\skip49
\fb@frw=\dimen109
\fb@frh=\dimen110
\FrameRule=\dimen111
\FrameSep=\dimen112
)
("C:\Program Files (x86)\MiKTeX 2.9\tex\latex\amscls\amsthm.sty"
Package: amsthm 2004/08/06 v2.20
\thm@style=\toks18
\thm@bodyfont=\toks19
\thm@headfont=\toks20
\thm@notefont=\toks21
\thm@headpunct=\toks22
\thm@preskip=\skip50
\thm@postskip=\skip51
\thm@headsep=\skip52
\dth@everypar=\toks23
)
("C:\Program Files (x86)\MiKTeX 2.9\tex\latex\amsmath\amsmath.sty"
Package: amsmath 2013/01/14 v2.14 AMS math features
\@mathmargin=\skip53

For additional information on amsmath, use the `?' option.
("C:\Program Files (x86)\MiKTeX 2.9\tex\latex\amsmath\amstext.sty"
Package: amstext 2000/06/29 v2.01

("C:\Program Files (x86)\MiKTeX 2.9\tex\latex\amsmath\amsgen.sty"
File: amsgen.sty 1999/11/30 v2.0
\@emptytoks=\toks24
\ex@=\dimen113
))
("C:\Program Files (x86)\MiKTeX 2.9\tex\latex\amsmath\amsbsy.sty"
Package: amsbsy 1999/11/29 v1.2d
\pmbraise@=\dimen114
)
("C:\Program Files (x86)\MiKTeX 2.9\tex\latex\amsmath\amsopn.sty"
Package: amsopn 1999/12/14 v2.01 operator names
)
\inf@bad=\count93
LaTeX Info: Redefining \frac on input line 210.
\uproot@=\count94
\leftroot@=\count95
LaTeX Info: Redefining \overline on input line 306.
\classnum@=\count96
\DOTSCASE@=\count97
LaTeX Info: Redefining \ldots on input line 378.
LaTeX Info: Redefining \dots on input line 381.
LaTeX Info: Redefining \cdots on input line 466.
\Mathstrutbox@=\box26
\strutbox@=\box27
\big@size=\dimen115
LaTeX Font Info:    Redeclaring font encoding OML on input line 566.
LaTeX Font Info:    Redeclaring font encoding OMS on input line 567.
\macc@depth=\count98
\c@MaxMatrixCols=\count99
\dotsspace@=\muskip10
\c@parentequation=\count100
\dspbrk@lvl=\count101
\tag@help=\toks25
\row@=\count102
\column@=\count103
\maxfields@=\count104
\andhelp@=\toks26
\eqnshift@=\dimen116
\alignsep@=\dimen117
\tagshift@=\dimen118
\tagwidth@=\dimen119
\totwidth@=\dimen120
\lineht@=\dimen121
\@envbody=\toks27
\multlinegap=\skip54
\multlinetaggap=\skip55
\mathdisplay@stack=\toks28
LaTeX Info: Redefining \[ on input line 2665.
LaTeX Info: Redefining \] on input line 2666.
)
("C:\Program Files (x86)\MiKTeX 2.9\tex\latex\graphics\color.sty"
Package: color 2005/11/14 v1.0j Standard LaTeX Color (DPC)

("C:\Program Files (x86)\MiKTeX 2.9\tex\latex\00miktex\color.cfg"
File: color.cfg 2007/01/18 v1.5 color configuration of teTeX/TeXLive
)
Package color Info: Driver file: pdftex.def on input line 130.
)
("C:\Users\Computer 7\AppData\Roaming\MiKTeX\2.9\tex\latex\listings\listings.st
y"
\lst@mode=\count105
\lst@gtempboxa=\box28
\lst@token=\toks29
\lst@length=\count106
\lst@currlwidth=\dimen122
\lst@column=\count107
\lst@pos=\count108
\lst@lostspace=\dimen123
\lst@width=\dimen124
\lst@newlines=\count109
\lst@lineno=\count110
\lst@maxwidth=\dimen125

("C:\Users\Computer 7\AppData\Roaming\MiKTeX\2.9\tex\latex\listings\lstmisc.sty
"
File: lstmisc.sty 2014/09/06 1.5e (Carsten Heinz)
\c@lstnumber=\count111
\lst@skipnumbers=\count112
\lst@framebox=\box29
)
("C:\Users\Computer 7\AppData\Roaming\MiKTeX\2.9\tex\latex\listings\listings.cf
g"
File: listings.cfg 2014/09/06 1.5e listings configuration
))
Package: listings 2014/09/06 1.5e (Carsten Heinz)

("C:\Users\Computer 7\AppData\Roaming\MiKTeX\2.9\tex\latex\natbib\natbib.sty"
Package: natbib 2010/09/13 8.31b (PWD, AO)
\bibhang=\skip56
\bibsep=\skip57
LaTeX Info: Redefining \cite on input line 694.
\c@NAT@ctr=\count113
)
("C:\Users\Computer 7\AppData\Roaming\MiKTeX\2.9\tex\latex\ieeepes\vmargin.sty"
Package: vmargin 1999/06/01
Package `vmargin', V2.2, <1999/06/01>
\PaperWidth=\dimen126
\PaperHeight=\dimen127
)
\c@theorem=\count114
\c@axiom=\count115
\c@definition=\count116
\c@notation=\count117
\c@remark=\count118
\c@example=\count119
 ("E:\MCS-Chap1-master\Master Chapter 1 and 2  full.aux"

LaTeX Warning: Label `GrubbsBartko2' multiply defined.

)
LaTeX Font Info:    Checking defaults for OML/cmm/m/it on input line 57.
LaTeX Font Info:    ... okay on input line 57.
LaTeX Font Info:    Checking defaults for T1/cmr/m/n on input line 57.
LaTeX Font Info:    ... okay on input line 57.
LaTeX Font Info:    Checking defaults for OT1/cmr/m/n on input line 57.
LaTeX Font Info:    ... okay on input line 57.
LaTeX Font Info:    Checking defaults for OMS/cmsy/m/n on input line 57.
LaTeX Font Info:    ... okay on input line 57.
LaTeX Font Info:    Checking defaults for OMX/cmex/m/n on input line 57.
LaTeX Font Info:    ... okay on input line 57.
LaTeX Font Info:    Checking defaults for U/cmr/m/n on input line 57.
LaTeX Font Info:    ... okay on input line 57.

("C:\Users\Computer 7\AppData\Roaming\MiKTeX\2.9\tex\context\base\supp-pdf.mkii
"
[Loading MPS to PDF converter (version 2006.09.02).]
\scratchcounter=\count120
\scratchdimen=\dimen128
\scratchbox=\box30
\nofMPsegments=\count121
\nofMParguments=\count122
\everyMPshowfont=\toks30
\MPscratchCnt=\count123
\MPscratchDim=\dimen129
\MPnumerator=\count124
\makeMPintoPDFobject=\count125
\everyMPtoPDFconversion=\toks31
)
\c@lstlisting=\count126
 ("E:\MCS-Chap1-master\Master Chapter 1 and 2  full.toc"
LaTeX Font Info:    Try loading font information for U+msa on input line 2.

("C:\Program Files (x86)\MiKTeX 2.9\tex\latex\amsfonts\umsa.fd"
File: umsa.fd 2013/01/14 v3.01 AMS symbols A
)
LaTeX Font Info:    Try loading font information for U+msb on input line 2.

("C:\Program Files (x86)\MiKTeX 2.9\tex\latex\amsfonts\umsb.fd"
File: umsb.fd 2013/01/14 v3.01 AMS symbols B
) [1


{C:/Users/Computer 7/AppData/Local/MiKTeX/2.9/pdftex/config/pdftex.map}] [2])
\tf@toc=\write3
 [3]
Chapter 1.
[4

] [5] [6] [7] [8] [9]
Chapter 2.
[10

] <GrubbsScatter.jpeg, id=38, 655.44875pt x 655.44875pt>
File: GrubbsScatter.jpeg Graphic file (type jpg)

<use GrubbsScatter.jpeg>
Package pdftex.def Info: GrubbsScatter.jpeg used on input line 242.
(pdftex.def)             Requested size: 355.65944pt x 355.65727pt.
 [11 <E:/MCS-Chap1-master/GrubbsScatter.jpeg>] [12]
[13] [14] [15] <GrubbsBAplot-noLOA.jpeg, id=57, 655.44875pt x 655.44875pt>
File: GrubbsBAplot-noLOA.jpeg Graphic file (type jpg)

<use GrubbsBAplot-noLOA.jpeg>
Package pdftex.def Info: GrubbsBAplot-noLOA.jpeg used on input line 350.
(pdftex.def)             Requested size: 341.43306pt x 341.4354pt.

<GrubbsDataTwoBAplots.jpeg, id=58, 1027.84pt x 694.595pt>
File: GrubbsDataTwoBAplots.jpeg Graphic file (type jpg)

<use GrubbsDataTwoBAplots.jpeg>
Package pdftex.def Info: GrubbsDataTwoBAplots.jpeg used on input line 366.
(pdftex.def)             Requested size: 378.94606pt x 256.0748pt.


LaTeX Warning: `!h' float specifier changed to `!ht'.

[16 <E:/MCS-Chap1-master/GrubbsBAplot-noLOA.jpeg>]
Missing character: There is no – in font cmr12!
Missing character: There is no – in font cmr12!
 [17 <E:/MCS-Chap1-master/GrubbsDataTwoBAplots.jpeg>] <BAFanEffect.jpeg, id=65,
 1027.84pt x 694.595pt>
File: BAFanEffect.jpeg Graphic file (type jpg)

<use BAFanEffect.jpeg>
Package pdftex.def Info: BAFanEffect.jpeg used on input line 417.
(pdftex.def)             Requested size: 378.94606pt x 256.0748pt.


LaTeX Warning: `!h' float specifier changed to `!ht'.

<PropBias.jpeg, id=66, 1027.84pt x 694.595pt>
File: PropBias.jpeg Graphic file (type jpg)
 <use PropBias.jpeg>
Package pdftex.def Info: PropBias.jpeg used on input line 424.
(pdftex.def)             Requested size: 378.94606pt x 256.0748pt.


LaTeX Warning: `!h' float specifier changed to `!ht'.

<BAOutliers.jpeg, id=67, 1027.84pt x 694.595pt>
File: BAOutliers.jpeg Graphic file (type jpg)
 <use BAOutliers.jpeg>
Package pdftex.def Info: BAOutliers.jpeg used on input line 431.
(pdftex.def)             Requested size: 355.65944pt x 240.34564pt.


LaTeX Warning: `!h' float specifier changed to `!ht'.

[18] [19 <E:/MCS-Chap1-master/BAFanEffect.jpeg>]

LaTeX Warning: Text page 20 contains only floats.


Overfull \vbox (0.62645pt too high) has occurred while \output is active []


[20 <E:/MCS-Chap1-master/PropBias.jpeg> <E:/MCS-Chap1-master/BAOutliers.jpeg>]
<GrubbsBartko.jpeg, id=78, 1027.84pt x 694.595pt>
File: GrubbsBartko.jpeg Graphic file (type jpg)
 <use GrubbsBartko.jpeg>
Package pdftex.def Info: GrubbsBartko.jpeg used on input line 476.
(pdftex.def)             Requested size: 369.88582pt x 249.95862pt.

[21 <E:/MCS-Chap1-master/GrubbsBartko.jpeg>]
<GrubbsBartko2.jpeg, id=82, 1027.84pt x 694.595pt>
File: GrubbsBartko2.jpeg Graphic file (type jpg)
 <use GrubbsBartko2.jpeg>
Package pdftex.def Info: GrubbsBartko2.jpeg used on input line 493.
(pdftex.def)             Requested size: 369.88582pt x 249.95862pt.

[22 <E:/MCS-Chap1-master/GrubbsBartko2.jpeg>] [23]
<GrubbsBAplot-LOA.jpeg, id=91, 1027.84pt x 694.595pt>
File: GrubbsBAplot-LOA.jpeg Graphic file (type jpg)

<use GrubbsBAplot-LOA.jpeg>
Package pdftex.def Info: GrubbsBAplot-LOA.jpeg used on input line 588.
(pdftex.def)             Requested size: 355.65944pt x 240.34564pt.
 [24 <E:/MCS-Chap1-master/GrubbsBAplot-LOA.jpeg>]
[25] [26] <EADidentity.jpeg, id=102, 1445.4pt x 785.93625pt>
File: EADidentity.jpeg Graphic file (type jpg)

<use EADidentity.jpeg>
Package pdftex.def Info: EADidentity.jpeg used on input line 790.
(pdftex.def)             Requested size: 308.71104pt x 167.8577pt.
 [27] <EAD1.jpeg, id=107, 668.4975pt x 667.49374pt>
File: EAD1.jpeg Graphic file (type jpg)

<use EAD1.jpeg>
Package pdftex.def Info: EAD1.jpeg used on input line 801.
(pdftex.def)             Requested size: 308.71104pt x 308.2527pt.
 [28] [29 <E:/MCS-Chap1-master/EADidentity.jpeg> <E:/MCS-Chap1-master/EAD1.jpeg
>] [30] [31] [32]
File: GrubbsBartko.jpeg Graphic file (type jpg)
 <use GrubbsBartko.jpeg>
Package pdftex.def Info: GrubbsBartko.jpeg used on input line 903.
(pdftex.def)             Requested size: 369.88582pt x 249.95862pt.


LaTeX Warning: `!h' float specifier changed to `!ht'.

[33] [34]
File: GrubbsBartko2.jpeg Graphic file (type jpg)
 <use GrubbsBartko2.jpeg>
Package pdftex.def Info: GrubbsBartko2.jpeg used on input line 941.
(pdftex.def)             Requested size: 369.88582pt x 249.95862pt.
 [35] [36]
(E:\MCS-Chap1-master\TechAcceptModel.tex [37] [38]) [39] [40] [41] [42]
Underfull \hbox (badness 10000) in paragraph at lines 1175--1177

 []


LaTeX Warning: `!h' float specifier changed to `!ht'.

[43]

Package natbib Warning: Citation `DunnSEME' on page 44 undefined on input line 
1243.


Package natbib Warning: Citation `DunnSEME' on page 44 undefined on input line 
1245.

[44] [45] [46]

Package natbib Warning: Citation `ludbrook' on page 47 undefined on input line 
1347.

[47] [48] [49]

LaTeX Warning: `!h' float specifier changed to `!ht'.

<ZhangDeming.jpeg, id=181, 560.0925pt x 559.08875pt>
File: ZhangDeming.jpeg Graphic file (type jpg)
 <use ZhangDeming.jpeg>
Package pdftex.def Info: ZhangDeming.jpeg used on input line 1427.
(pdftex.def)             Requested size: 369.88582pt x 369.23857pt.


LaTeX Warning: `!h' float specifier changed to `!ht'.

[50] [51]

Package natbib Warning: Citation `DunnSEME' on page 52 undefined on input line 
1472.


Package natbib Warning: Citation `DunnSEME' on page 52 undefined on input line 
1478.

[52 <E:/MCS-Chap1-master/ZhangDeming.jpeg>]

Package natbib Warning: Citation `DunnSEME' on page 53 undefined on input line 
1492.

[53]
Chapter 3.
[54

] [55] [56]

Package natbib Warning: Citation `Henderson1963' on page 57 undefined on input 
line 1631.

[57] [58] [59] [60] [61] [62] [63] [64] [65] (E:\MCS-Chap1-master\LRTs.tex
[66]

Package natbib Warning: Citation `pb' on page 67 undefined on input line 13.

[67]) [68] [69] [70] [71] [72] [73]
Missing character: There is no ’ in font cmr12!
 [74]
Overfull \hbox (11.50177pt too wide) in paragraph at lines 2039--2040
\OT1/cmr/m/n/12 ad-di-tional terms, are found to be con-sis-tent with the `in-t
er-ac-tion' model; $(\OMS/cmsy/m/n/12  \OT1/cmr/m/n/12 9\OML/cmm/m/it/12 :\OT1/
cmr/m/n/12 562\OML/cmm/m/it/12 ; \OT1/cmr/m/n/12 14\OML/cmm/m/it/12 :\OT1/cmr/m
/n/12 504)$.
 []

[75] [76] [77]
Underfull \hbox (badness 10000) in paragraph at lines 2070--2071

 []


Underfull \hbox (badness 10000) in paragraph at lines 2081--2084

 []

[78]
Underfull \hbox (badness 10000) in paragraph at lines 2097--2099

 []


Underfull \hbox (badness 10000) in paragraph at lines 2109--2111

 []

[79] [80]
Chapter 4.
[81

] [82] ("E:\MCS-Chap1-master\Master Chapter 1 and 2  full.bbl" [83]
Missing character: There is no ï in font cmr12!
Missing character: There is no ¿ in font cmr12!
Missing character: There is no ½ in font cmr12!
 [84

]
Missing character: There is no ï in font cmr12!
Missing character: There is no ¿ in font cmr12!
Missing character: There is no ½ in font cmr12!
Missing character: There is no ï in font cmr12!
Missing character: There is no ¿ in font cmr12!
Missing character: There is no ½ in font cmr12!

[85]
Missing character: There is no ï in font cmr12!
Missing character: There is no ¿ in font cmr12!
Missing character: There is no ½ in font cmr12!
Missing character: There is no ï in font cmr12!
Missing character: There is no ¿ in font cmr12!
Missing character: There is no ½ in font cmr12!
Missing character: There is no ï in font cmr12!
Missing character: There is no ¿ in font cmr12!
Missing character: There is no ½ in font cmr12!
Missing character: There is no ï in font cmr12!
Missing character: There is no ¿ in font cmr12!
Missing character: There is no ½ in font cmr12!
 [86]
Missing character: There is no ï in font cmr12!
Missing character: There is no ¿ in font cmr12!
Missing character: There is no ½ in font cmr12!
Missing character: There is no ï in font cmr12!
Missing character: There is no ¿ in font cmr12!
Missing character: There is no ½ in font cmr12!
Missing character: There is no ï in font cmr12!
Missing character: There is no ¿ in font cmr12!
Missing character: There is no ½ in font cmr12!
 [87]
Missing character: There is no ï in font cmr12!
Missing character: There is no ¿ in font cmr12!
Missing character: There is no ½ in font cmr12!
Missing character: There is no ï in font cmr12!
Missing character: There is no ¿ in font cmr12!
Missing character: There is no ½ in font cmr12!
 [88]
Missing character: There is no ï in font cmr12!
Missing character: There is no ¿ in font cmr12!
Missing character: There is no ½ in font cmr12!
Missing character: There is no ï in font cmr12!
Missing character: There is no ¿ in font cmr12!
Missing character: There is no ½ in font cmr12!
Missing character: There is no ï in font cmr12!
Missing character: There is no ¿ in font cmr12!
Missing character: There is no ½ in font cmr12!
 [89]
Missing character: There is no ï in font cmr12!
Missing character: There is no ¿ in font cmr12!
Missing character: There is no ½ in font cmr12!
)

Package natbib Warning: There were undefined citations.

[90] ("E:\MCS-Chap1-master\Master Chapter 1 and 2  full.aux")

LaTeX Warning: There were multiply-defined labels.

 ) 
Here is how much of TeX's memory you used:
 4401 strings out of 493921
 59647 string characters out of 3144860
 124734 words of memory out of 3000000
 7615 multiletter control sequences out of 15000+200000
 14105 words of font info for 51 fonts, out of 3000000 for 9000
 841 hyphenation exceptions out of 8191
 34i,12n,32p,1027b,336s stack positions out of 5000i,500n,10000p,200000b,50000s
<C:/Program Files (x86)/MiKTeX 2.9/fonts/type1/public/amsfonts/cm/cmbx12.pfb>
<C:/Program Files (x86)/MiKTeX 2.9/fonts/type1/public/amsfonts/cm/cmbx8.pfb><C:
/Program Files (x86)/MiKTeX 2.9/fonts/type1/public/amsfonts/cm/cmbxti10.pfb><C:
/Program Files (x86)/MiKTeX 2.9/fonts/type1/public/amsfonts/cm/cmex10.pfb><C:/P
rogram Files (x86)/MiKTeX 2.9/fonts/type1/public/amsfonts/cm/cmmi12.pfb><C:/Pro
gram Files (x86)/MiKTeX 2.9/fonts/type1/public/amsfonts/cm/cmmi6.pfb><C:/Progra
m Files (x86)/MiKTeX 2.9/fonts/type1/public/amsfonts/cm/cmmi8.pfb><C:/Program F
iles (x86)/MiKTeX 2.9/fonts/type1/public/amsfonts/cm/cmmib10.pfb><C:/Program Fi
les (x86)/MiKTeX 2.9/fonts/type1/public/amsfonts/cmextra/cmmib6.pfb><C:/Program
 Files (x86)/MiKTeX 2.9/fonts/type1/public/amsfonts/cmextra/cmmib8.pfb><C:/Prog
ram Files (x86)/MiKTeX 2.9/fonts/type1/public/amsfonts/cm/cmr12.pfb><C:/Program
 Files (x86)/MiKTeX 2.9/fonts/type1/public/amsfonts/cm/cmr6.pfb><C:/Program Fil
es (x86)/MiKTeX 2.9/fonts/type1/public/amsfonts/cm/cmr8.pfb><C:/Program Files (
x86)/MiKTeX 2.9/fonts/type1/public/amsfonts/cm/cmsy10.pfb><C:/Program Files (x8
6)/MiKTeX 2.9/fonts/type1/public/amsfonts/cm/cmsy6.pfb><C:/Program Files (x86)/
MiKTeX 2.9/fonts/type1/public/amsfonts/cm/cmsy8.pfb><C:/Program Files (x86)/MiK
TeX 2.9/fonts/type1/public/amsfonts/cm/cmti12.pfb><C:/Program Files (x86)/MiKTe
X 2.9/fonts/type1/public/amsfonts/cm/cmtt12.pfb>
Output written on "Master Chapter 1 and 2  full.pdf" (90 pages, 1423717 bytes).

PDF statistics:
 375 PDF objects out of 1000 (max. 8388607)
 0 named destinations out of 1000 (max. 500000)
 61 words of extra memory for PDF output out of 10000 (max. 10000000)

