This is pdfTeX, Version 3.1415926-2.5-1.40.14 (MiKTeX 2.9) (preloaded format=pdflatex 2014.10.12)  15 FEB 2015 20:33
entering extended mode
**Master*Chapter1*Draft*MCS.tex
("E:\000 Feb 2014 Back Up\WRITEUP\Master Chapter1 Draft MCS.tex"
LaTeX2e <2011/06/27>
Babel <v3.8m> and hyphenation patterns for english, afrikaans, ancientgreek, ar
abic, armenian, assamese, basque, bengali, bokmal, bulgarian, catalan, coptic, 
croatian, czech, danish, dutch, esperanto, estonian, farsi, finnish, french, ga
lician, german, german-x-2013-05-26, greek, gujarati, hindi, hungarian, iceland
ic, indonesian, interlingua, irish, italian, kannada, kurmanji, latin, latvian,
 lithuanian, malayalam, marathi, mongolian, mongolianlmc, monogreek, ngerman, n
german-x-2013-05-26, nynorsk, oriya, panjabi, pinyin, polish, portuguese, roman
ian, russian, sanskrit, serbian, slovak, slovenian, spanish, swedish, swissgerm
an, tamil, telugu, turkish, turkmen, ukenglish, ukrainian, uppersorbian, usengl
ishmax, welsh, loaded.
("C:\Program Files (x86)\MiKTeX 2.9\tex\latex\base\report.cls"
Document Class: report 2007/10/19 v1.4h Standard LaTeX document class
("C:\Program Files (x86)\MiKTeX 2.9\tex\latex\base\size12.clo"
File: size12.clo 2007/10/19 v1.4h Standard LaTeX file (size option)
)
\c@part=\count79
\c@chapter=\count80
\c@section=\count81
\c@subsection=\count82
\c@subsubsection=\count83
\c@paragraph=\count84
\c@subparagraph=\count85
\c@figure=\count86
\c@table=\count87
\abovecaptionskip=\skip41
\belowcaptionskip=\skip42
\bibindent=\dimen102
)
(C:\Users\Kevin\AppData\Roaming\MiKTeX\2.9\tex\latex\natbib\natbib.sty
Package: natbib 2010/09/13 8.31b (PWD, AO)
\bibhang=\skip43
\bibsep=\skip44
LaTeX Info: Redefining \cite on input line 694.
\c@NAT@ctr=\count88
)
(C:\Users\Kevin\AppData\Roaming\MiKTeX\2.9\tex\latex\ieeepes\vmargin.sty
Package: vmargin 1999/06/01

Package `vmargin', V2.2, <1999/06/01>
\PaperWidth=\dimen103
\PaperHeight=\dimen104
) ("C:\Program Files (x86)\MiKTeX 2.9\tex\latex\graphics\graphicx.sty"
Package: graphicx 1999/02/16 v1.0f Enhanced LaTeX Graphics (DPC,SPQR)

("C:\Program Files (x86)\MiKTeX 2.9\tex\latex\graphics\keyval.sty"
Package: keyval 1999/03/16 v1.13 key=value parser (DPC)
\KV@toks@=\toks14
)
("C:\Program Files (x86)\MiKTeX 2.9\tex\latex\graphics\graphics.sty"
Package: graphics 2009/02/05 v1.0o Standard LaTeX Graphics (DPC,SPQR)

("C:\Program Files (x86)\MiKTeX 2.9\tex\latex\graphics\trig.sty"
Package: trig 1999/03/16 v1.09 sin cos tan (DPC)
)
("C:\Program Files (x86)\MiKTeX 2.9\tex\latex\00miktex\graphics.cfg"
File: graphics.cfg 2007/01/18 v1.5 graphics configuration of teTeX/TeXLive
)
Package graphics Info: Driver file: pdftex.def on input line 91.

("C:\Program Files (x86)\MiKTeX 2.9\tex\latex\pdftex-def\pdftex.def"
File: pdftex.def 2011/05/27 v0.06d Graphics/color for pdfTeX

("C:\Program Files (x86)\MiKTeX 2.9\tex\generic\oberdiek\infwarerr.sty"
Package: infwarerr 2010/04/08 v1.3 Providing info/warning/error messages (HO)
)
("C:\Program Files (x86)\MiKTeX 2.9\tex\generic\oberdiek\ltxcmds.sty"
Package: ltxcmds 2011/11/09 v1.22 LaTeX kernel commands for general use (HO)
)
\Gread@gobject=\count89
))
\Gin@req@height=\dimen105
\Gin@req@width=\dimen106
)
("C:\Program Files (x86)\MiKTeX 2.9\tex\latex\graphics\epsfig.sty"
Package: epsfig 1999/02/16 v1.7a (e)psfig emulation (SPQR)
\epsfxsize=\dimen107
\epsfysize=\dimen108
)
(C:\Users\Kevin\AppData\Roaming\MiKTeX\2.9\tex\latex\subfigure\subfigure.sty
Package: subfigure 2002/07/30 v2.1.4 subfigure package
\subfigtopskip=\skip45
\subfigcapskip=\skip46
\subfigcaptopadj=\dimen109
\subfigbottomskip=\skip47
\subfigcapmargin=\dimen110
\subfiglabelskip=\skip48
\c@subfigure=\count90
\c@lofdepth=\count91
\c@subtable=\count92
\c@lotdepth=\count93

****************************************
* Local config file subfigure.cfg used *
****************************************
(C:\Users\Kevin\AppData\Roaming\MiKTeX\2.9\tex\latex\subfigure\subfigure.cfg)
\subfig@top=\skip49
\subfig@bottom=\skip50
)
("C:\Program Files (x86)\MiKTeX 2.9\tex\latex\amsfonts\amssymb.sty"
Package: amssymb 2013/01/14 v3.01 AMS font symbols

("C:\Program Files (x86)\MiKTeX 2.9\tex\latex\amsfonts\amsfonts.sty"
Package: amsfonts 2013/01/14 v3.01 Basic AMSFonts support
\@emptytoks=\toks15
\symAMSa=\mathgroup4
\symAMSb=\mathgroup5
LaTeX Font Info:    Overwriting math alphabet `\mathfrak' in version `bold'
(Font)                  U/euf/m/n --> U/euf/b/n on input line 106.
))
("C:\Program Files (x86)\MiKTeX 2.9\tex\latex\amsmath\amsbsy.sty"
Package: amsbsy 1999/11/29 v1.2d

("C:\Program Files (x86)\MiKTeX 2.9\tex\latex\amsmath\amsgen.sty"
File: amsgen.sty 1999/11/30 v2.0
\@emptytoks=\toks16
\ex@=\dimen111
)
\pmbraise@=\dimen112
)
("C:\Program Files (x86)\MiKTeX 2.9\tex\latex\amscls\amsthm.sty"
Package: amsthm 2004/08/06 v2.20
\thm@style=\toks17
\thm@bodyfont=\toks18
\thm@headfont=\toks19
\thm@notefont=\toks20
\thm@headpunct=\toks21
\thm@preskip=\skip51
\thm@postskip=\skip52
\thm@headsep=\skip53
\dth@everypar=\toks22
)
("C:\Program Files (x86)\MiKTeX 2.9\tex\latex\amsmath\amsmath.sty"
Package: amsmath 2013/01/14 v2.14 AMS math features
\@mathmargin=\skip54

For additional information on amsmath, use the `?' option.
("C:\Program Files (x86)\MiKTeX 2.9\tex\latex\amsmath\amstext.sty"
Package: amstext 2000/06/29 v2.01
)
("C:\Program Files (x86)\MiKTeX 2.9\tex\latex\amsmath\amsopn.sty"
Package: amsopn 1999/12/14 v2.01 operator names
)
\inf@bad=\count94
LaTeX Info: Redefining \frac on input line 210.
\uproot@=\count95
\leftroot@=\count96
LaTeX Info: Redefining \overline on input line 306.
\classnum@=\count97
\DOTSCASE@=\count98
LaTeX Info: Redefining \ldots on input line 378.
LaTeX Info: Redefining \dots on input line 381.
LaTeX Info: Redefining \cdots on input line 466.
\Mathstrutbox@=\box26
\strutbox@=\box27
\big@size=\dimen113
LaTeX Font Info:    Redeclaring font encoding OML on input line 566.
LaTeX Font Info:    Redeclaring font encoding OMS on input line 567.
\macc@depth=\count99
\c@MaxMatrixCols=\count100
\dotsspace@=\muskip10
\c@parentequation=\count101
\dspbrk@lvl=\count102
\tag@help=\toks23
\row@=\count103
\column@=\count104
\maxfields@=\count105
\andhelp@=\toks24
\eqnshift@=\dimen114
\alignsep@=\dimen115
\tagshift@=\dimen116
\tagwidth@=\dimen117
\totwidth@=\dimen118
\lineht@=\dimen119
\@envbody=\toks25
\multlinegap=\skip55
\multlinetaggap=\skip56
\mathdisplay@stack=\toks26
LaTeX Info: Redefining \[ on input line 2665.
LaTeX Info: Redefining \] on input line 2666.
)
("E:\000 Feb 2014 Back Up\WRITEUP\Master Chapter1 Draft MCS.aux"

! LaTeX Error: Missing \begin{document}.

See the LaTeX manual or LaTeX Companion for explanation.
Type  H <return>  for immediate help.
 ...                                              
                                                  
l.189 \
       
You're in trouble here.  Try typing  <return>  to proceed.
If that doesn't work, type  X <return>  to quit.

)
LaTeX Font Info:    Checking defaults for OML/cmm/m/it on input line 23.
LaTeX Font Info:    ... okay on input line 23.
LaTeX Font Info:    Checking defaults for T1/cmr/m/n on input line 23.
LaTeX Font Info:    ... okay on input line 23.
LaTeX Font Info:    Checking defaults for OT1/cmr/m/n on input line 23.
LaTeX Font Info:    ... okay on input line 23.
LaTeX Font Info:    Checking defaults for OMS/cmsy/m/n on input line 23.
LaTeX Font Info:    ... okay on input line 23.
LaTeX Font Info:    Checking defaults for OMX/cmex/m/n on input line 23.
LaTeX Font Info:    ... okay on input line 23.
LaTeX Font Info:    Checking defaults for U/cmr/m/n on input line 23.
LaTeX Font Info:    ... okay on input line 23.
 (C:\Users\Kevin\AppData\Roaming\MiKTeX\2.9\tex\context\base\supp-pdf.mkii
[Loading MPS to PDF converter (version 2006.09.02).]
\scratchcounter=\count106
\scratchdimen=\dimen120
\scratchbox=\box28
\nofMPsegments=\count107
\nofMParguments=\count108
\everyMPshowfont=\toks27
\MPscratchCnt=\count109
\MPscratchDim=\dimen121
\MPnumerator=\count110
\makeMPintoPDFobject=\count111
\everyMPtoPDFconversion=\toks28
) [1

{C:/Users/Kevin/AppData/Local/MiKTeX/2.9/pdftex/config/pdftex.map}]
LaTeX Font Info:    Try loading font information for U+msa on input line 27.

("C:\Program Files (x86)\MiKTeX 2.9\tex\latex\amsfonts\umsa.fd"
File: umsa.fd 2013/01/14 v3.01 AMS symbols A
)
LaTeX Font Info:    Try loading font information for U+msb on input line 27.

("C:\Program Files (x86)\MiKTeX 2.9\tex\latex\amsfonts\umsb.fd"
File: umsb.fd 2013/01/14 v3.01 AMS symbols B
) [1]
("E:\000 Feb 2014 Back Up\WRITEUP\Master Chapter1 Draft MCS.toc")
\tf@toc=\write3
 [1

]
Chapter 1.

Package natbib Warning: Citation `ludbrook97' on page 2 undefined on input line
 39.


Package natbib Warning: Citation `Myles' on page 2 undefined on input line 40.


Package natbib Warning: Citation `Krumm' on page 2 undefined on input line 40.


Package natbib Warning: Citation `Grubbs73' on page 2 undefined on input line 4
4.

[2

]

Package natbib Warning: Citation `Barnhart' on page 3 undefined on input line 9
0.

[3] [4] [5]

Package natbib Warning: Citation `BA83' on page 6 undefined on input line 178.

<GrubbsScatter.jpeg, id=27, 655.44875pt x 655.44875pt>
File: GrubbsScatter.jpeg Graphic file (type jpg)

<use GrubbsScatter.jpeg>
Package pdftex.def Info: GrubbsScatter.jpeg used on input line 186.
(pdftex.def)             Requested size: 355.65944pt x 355.65727pt.


LaTeX Warning: `!h' float specifier changed to `!ht'.


Package natbib Warning: Citation `Dewitte' on page 6 undefined on input line 19
1.

[6] [7 <E:/000 Feb 2014 Back Up/WRITEUP/GrubbsScatter.jpeg>]

Package natbib Warning: Citation `BA83' on page 8 undefined on input line 201.


Package natbib Warning: Citation `BA83' on page 8 undefined on input line 207.


Package natbib Warning: Citation `BA83' on page 8 undefined on input line 207.


Package natbib Warning: Citation `BA86' on page 8 undefined on input line 216.

[8] [9] [10] <GrubbsBAplot-noLOA.jpeg, id=47, 655.44875pt x 655.44875pt>
File: GrubbsBAplot-noLOA.jpeg Graphic file (type jpg)

<use GrubbsBAplot-noLOA.jpeg>
Package pdftex.def Info: GrubbsBAplot-noLOA.jpeg used on input line 295.
(pdftex.def)             Requested size: 341.43306pt x 341.4354pt.

<GrubbsDataTwoBAplots.jpeg, id=48, 1027.84pt x 694.595pt>
File: GrubbsDataTwoBAplots.jpeg Graphic file (type jpg)

<use GrubbsDataTwoBAplots.jpeg>
Package pdftex.def Info: GrubbsDataTwoBAplots.jpeg used on input line 311.
(pdftex.def)             Requested size: 378.94606pt x 256.0748pt.


LaTeX Warning: `!h' float specifier changed to `!ht'.

[11 <E:/000 Feb 2014 Back Up/WRITEUP/GrubbsBAplot-noLOA.jpeg>]

Package natbib Warning: Citation `BA86' on page 12 undefined on input line 319.



Package natbib Warning: Citation `BAcite' on page 12 undefined on input line 32
1.


Package natbib Warning: Citation `Dewitte' on page 12 undefined on input line 3
21.


Package natbib Warning: Citation `Dewitte' on page 12 undefined on input line 3
23.

Missing character: There is no – in font cmr12!
Missing character: There is no – in font cmr12!

Package natbib Warning: Citation `hollis' on page 12 undefined on input line 33
1.


Package natbib Warning: Citation `BritHypSoc' on page 12 undefined on input lin
e 332.

[12 <E:/000 Feb 2014 Back Up/WRITEUP/GrubbsDataTwoBAplots.jpeg>]

Package natbib Warning: Citation `ludbrook97' on page 13 undefined on input lin
e 346.


Package natbib Warning: Citation `BH' on page 13 undefined on input line 360.

<BAFanEffect.jpeg, id=56, 1027.84pt x 694.595pt>
File: BAFanEffect.jpeg Graphic file (type jpg)
 <use BAFanEffect.jpeg>
Package pdftex.def Info: BAFanEffect.jpeg used on input line 364.
(pdftex.def)             Requested size: 378.94606pt x 256.0748pt.


LaTeX Warning: `!h' float specifier changed to `!ht'.

<PropBias.jpeg, id=57, 1027.84pt x 694.595pt>
File: PropBias.jpeg Graphic file (type jpg)
 <use PropBias.jpeg>
Package pdftex.def Info: PropBias.jpeg used on input line 371.
(pdftex.def)             Requested size: 378.94606pt x 256.0748pt.


LaTeX Warning: `!h' float specifier changed to `!ht'.

<BAOutliers.jpeg, id=58, 1027.84pt x 694.595pt>
File: BAOutliers.jpeg Graphic file (type jpg)
 <use BAOutliers.jpeg>
Package pdftex.def Info: BAOutliers.jpeg used on input line 378.
(pdftex.def)             Requested size: 355.65944pt x 240.34564pt.


LaTeX Warning: `!h' float specifier changed to `!ht'.

[13]

LaTeX Warning: Text page 14 contains only floats.

[14 <E:/000 Feb 2014 Back Up/WRITEUP/BAFanEffect.jpeg> <E:/000 Feb 2014 Back Up
/WRITEUP/PropBias.jpeg>]

Package natbib Warning: Citation `BA99' on page 15 undefined on input line 390.



Package natbib Warning: Citation `Bartko' on page 15 undefined on input line 39
9.


Package natbib Warning: Citation `AltmanEllipse' on page 15 undefined on input 
line 401.

[15 <E:/000 Feb 2014 Back Up/WRITEUP/BAOutliers.jpeg>]
<GrubbsBartko.jpeg, id=68, 1027.84pt x 694.595pt>
File: GrubbsBartko.jpeg Graphic file (type jpg)
 <use GrubbsBartko.jpeg>
Package pdftex.def Info: GrubbsBartko.jpeg used on input line 423.
(pdftex.def)             Requested size: 369.88582pt x 249.95862pt.

[16 <E:/000 Feb 2014 Back Up/WRITEUP/GrubbsBartko.jpeg>]
<GrubbsBartko2.jpeg, id=72, 1027.84pt x 694.595pt>
File: GrubbsBartko2.jpeg Graphic file (type jpg)
 <use GrubbsBartko2.jpeg>
Package pdftex.def Info: GrubbsBartko2.jpeg used on input line 441.
(pdftex.def)             Requested size: 369.88582pt x 249.95862pt.

[17 <E:/000 Feb 2014 Back Up/WRITEUP/GrubbsBartko2.jpeg>] [18]

Package natbib Warning: Citation `BA86' on page 19 undefined on input line 494.



Package natbib Warning: Citation `BA86' on page 19 undefined on input line 497.



Package natbib Warning: Citation `BA95' on page 19 undefined on input line 500.



Package natbib Warning: Citation `mantha' on page 19 undefined on input line 52
3.

[19]

Package natbib Warning: Citation `BA86' on page 20 undefined on input line 529.


<GrubbsBAplot-LOA.jpeg, id=85, 1027.84pt x 694.595pt>
File: GrubbsBAplot-LOA.jpeg Graphic file (type jpg)

<use GrubbsBAplot-LOA.jpeg>
Package pdftex.def Info: GrubbsBAplot-LOA.jpeg used on input line 542.
(pdftex.def)             Requested size: 355.65944pt x 240.34564pt.


Package natbib Warning: Citation `BA99' on page 20 undefined on input line 551.


[20 <E:/000 Feb 2014 Back Up/WRITEUP/GrubbsBAplot-LOA.jpeg>]

Package natbib Warning: Citation `BA99' on page 21 undefined on input line 570.



Package natbib Warning: Citation `BA99' on page 21 undefined on input line 587.



Package natbib Warning: Citation `BXC2008' on page 21 undefined on input line 6
01.


Package natbib Warning: Citation `BXC2008' on page 21 undefined on input line 6
09.

[21]

Package natbib Warning: Citation `luiz' on page 22 undefined on input line 620.



Package natbib Warning: Citation `Barnhart' on page 22 undefined on input line 
624.


Package natbib Warning: Citation `mantha' on page 22 undefined on input line 63
0.


Package natbib Warning: Citation `lin2002' on page 22 undefined on input line 6
54.

[22]

Package natbib Warning: Citation `Barnhart' on page 23 undefined on input line 
666.


Package natbib Warning: Citation `Barnhart' on page 23 undefined on input line 
672.


Package natbib Warning: Citation `Barnhart' on page 23 undefined on input line 
685.


Package natbib Warning: Citation `lin2000' on page 23 undefined on input line 7
06.


Package natbib Warning: Citation `lin2002' on page 23 undefined on input line 7
06.

[23]

Package natbib Warning: Citation `BA99' on page 24 undefined on input line 721.


[24]

Package natbib Warning: Citation `BA99' on page 25 undefined on input line 733.



Package natbib Warning: Citation `Eksborg' on page 25 undefined on input line 7
42.


Package natbib Warning: Citation `Dewitte' on page 25 undefined on input line 7
44.


Package natbib Warning: Citation `BXC2008' on page 25 undefined on input line 7
53.


Package natbib Warning: Citation `BA86' on page 25 undefined on input line 756.



Package natbib Warning: Citation `BA86' on page 25 undefined on input line 769.


[25]

Package natbib Warning: Citation `BXC2008' on page 26 undefined on input line 7
71.


Package natbib Warning: Citation `BXC2008' on page 26 undefined on input line 7
76.

[26]

Package natbib Warning: Citation `Kinsella' on page 27 undefined on input line 
790.


Package natbib Warning: Citation `Kinsella' on page 27 undefined on input line 
791.


Package natbib Warning: Citation `Kinsella' on page 27 undefined on input line 
813.


Package natbib Warning: Citation `Grubbs48' on page 27 undefined on input line 
813.


Package natbib Warning: Citation `Grubbs73' on page 27 undefined on input line 
813.


Package natbib Warning: Citation `Grubbs48' on page 27 undefined on input line 
813.

[27]

Package natbib Warning: Citation `Thompson' on page 28 undefined on input line 
831.


Package natbib Warning: Citation `Kinsella' on page 28 undefined on input line 
853.

[28]

Package natbib Warning: Citation `morgan' on page 29 undefined on input line 88
8.


Package natbib Warning: Citation `pitman' on page 29 undefined on input line 88
8.


Package natbib Warning: Citation `Bartko' on page 29 undefined on input line 90
5.


Package natbib Warning: Citation `Bartko' on page 29 undefined on input line 91
2.

[29]

Package natbib Warning: Citation `BA83' on page 30 undefined on input line 931.



Package natbib Warning: Citation `Cohen' on page 30 undefined on input line 937
.


Package natbib Warning: Citation `BA86' on page 30 undefined on input line 941.



Package natbib Warning: Citation `BA99' on page 30 undefined on input line 941.



Package natbib Warning: Citation `BA99' on page 30 undefined on input line 942.



Package natbib Warning: Citation `BA99' on page 30 undefined on input line 944.



Package natbib Warning: Citation `DunnSEME' on page 30 undefined on input line 
948.


Package natbib Warning: Citation `linnet98' on page 30 undefined on input line 
954.


Package natbib Warning: Citation `DunnSEME' on page 30 undefined on input line 
954.

[30]

Package natbib Warning: Citation `BB89' on page 31 undefined on input line 963.



Package natbib Warning: Citation `BB89' on page 31 undefined on input line 975.



Package natbib Warning: Citation `Bartko' on page 31 undefined on input line 97
9.

[31]

Package natbib Warning: Citation `CornCoch' on page 32 undefined on input line 
1035.


Package natbib Warning: Citation `ludbrook97' on page 32 undefined on input lin
e 1035.


Package natbib Warning: Citation `BA83' on page 32 undefined on input line 1038
.


Package natbib Warning: Citation `ludbrook97' on page 32 undefined on input lin
e 1038.


Package natbib Warning: Citation `CornCoch' on page 32 undefined on input line 
1044.


Package natbib Warning: Citation `ludbrook97' on page 32 undefined on input lin
e 1044.

[32]

Package natbib Warning: Citation `ludbrook' on page 33 undefined on input line 
1058.


Package natbib Warning: Citation `CornCoch' on page 33 undefined on input line 
1065.


Package natbib Warning: Citation `linnet99' on page 33 undefined on input line 
1069.


Package natbib Warning: Citation `Kummel' on page 33 undefined on input line 10
77.

[33]

Package natbib Warning: Citation `CarollRupert' on page 34 undefined on input l
ine 1086.


Package natbib Warning: Citation `zhang' on page 34 undefined on input line 111
6.


Package natbib Warning: Citation `AltmanBook' on page 34 undefined on input lin
e 1118.

[34] <ZhangDeming.jpeg, id=137, 560.0925pt x 559.08875pt>
File: ZhangDeming.jpeg Graphic file (type jpg)

<use ZhangDeming.jpeg>
Package pdftex.def Info: ZhangDeming.jpeg used on input line 1148.
(pdftex.def)             Requested size: 369.88582pt x 369.23857pt.


LaTeX Warning: `!h' float specifier changed to `!ht'.


Package natbib Warning: Citation `CarollRupert' on page 35 undefined on input l
ine 1153.

[35]

Package natbib Warning: Citation `lewis' on page 36 undefined on input line 116
0.


Package natbib Warning: Citation `lewis' on page 36 undefined on input line 116
4.


Package natbib Warning: Citation `lewis' on page 36 undefined on input line 117
4.


Package natbib Warning: Citation `BA83' on page 36 undefined on input line 1177
.

[36 <E:/000 Feb 2014 Back Up/WRITEUP/ZhangDeming.jpeg>]

Package natbib Warning: Citation `lewis' on page 37 undefined on input line 119
0.


Package natbib Warning: Citation `DunnSEME' on page 37 undefined on input line 
1193.


Package natbib Warning: Citation `DunnSEME' on page 37 undefined on input line 
1199.


Package natbib Warning: Citation `pizzi' on page 37 undefined on input line 119
9.


Package natbib Warning: Citation `NIST' on page 37 undefined on input line 1207
.


Package natbib Warning: Citation `DunnSEME' on page 37 undefined on input line 
1213.


Package natbib Warning: Citation `ACR' on page 37 undefined on input line 1219.


[37]

Package natbib Warning: Citation `phelps' on page 38 undefined on input line 12
22.

[38] [39]
Chapter 2.

Package natbib Warning: Citation `Fisher4' on page 40 undefined on input line 1
255.


Package natbib Warning: Citation `tippett' on page 40 undefined on input line 1
258.


Package natbib Warning: Citation `eisenhart' on page 40 undefined on input line
 1258.


Package natbib Warning: Citation `Henderson:1950' on page 40 undefined on input
 line 1258.


Package natbib Warning: Citation `Henderson53' on page 40 undefined on input li
ne 1259.


Package natbib Warning: Citation `Henderson59' on page 40 undefined on input li
ne 1259.


Package natbib Warning: Citation `Henderson63' on page 40 undefined on input li
ne 1259.


Package natbib Warning: Citation `Henderson73' on page 40 undefined on input li
ne 1259.


Package natbib Warning: Citation `Henderson84a' on page 40 undefined on input l
ine 1259.

[40

]

Package natbib Warning: Citation `HartleyRao' on page 41 undefined on input lin
e 1261.


Package natbib Warning: Citation `PattersonThompson' on page 41 undefined on in
put line 1261.


Package natbib Warning: Citation `LW82' on page 41 undefined on input line 1263
.


Package natbib Warning: Citation `singer' on page 41 undefined on input line 12
63.


Package natbib Warning: Citation `PB' on page 41 undefined on input line 1263.

[41]

Package natbib Warning: Citation `Henderson53' on page 42 undefined on input li
ne 1298.


Package natbib Warning: Citation `Henderson59' on page 42 undefined on input li
ne 1298.


Package natbib Warning: Citation `Henderson63' on page 42 undefined on input li
ne 1298.


Package natbib Warning: Citation `Henderson73' on page 42 undefined on input li
ne 1298.


Package natbib Warning: Citation `Henderson84a' on page 42 undefined on input l
ine 1298.


Package natbib Warning: Citation `Henderson:1950' on page 42 undefined on input
 line 1299.

[42]
! Extra }, or forgotten $.
l.1314 0 & \Sigma }
                   ^{-1}
I've deleted a group-closing symbol because it seems to be
spurious, as in `$x}$'. But perhaps the } is legitimate and
you forgot something else, as in `\hbox{$x}'. In such cases
the way to recover is to insert both the forgotten and the
deleted material, e.g., by typing `I$}'.

! Extra \right.
\rbrace ->\delimiter "5267309 
                              
l.1319 \right\}
               ,
I'm ignoring a \right that had no matching \left.

! You can't use `\eqno' in math mode.
\endmathdisplay@a ...\df@tag \@empty \else \veqno 
                                                  \alt@tag \df@tag \fi \ifx ...
l.1321 \end{equation}
                     
Sorry, but I'm not programmed to handle this case;
I'll just pretend that you didn't ask for it.
If you're in the wrong mode, you might be able to
return to the right one by typing `I}' or `I$' or `I\par'.


! LaTeX Error: \begin{pmatrix} on input line 1312 ended by \end{equation}.

See the LaTeX manual or LaTeX Companion for explanation.
Type  H <return>  for immediate help.
 ...                                              
                                                  
l.1321 \end{equation}
                     
Your command was ignored.
Type  I <command> <return>  to replace it with another command,
or  <return>  to continue without it.

! Missing $ inserted.
<inserted text> 
                $
l.1321 \end{equation}
                     
I've inserted something that you may have forgotten.
(See the <inserted text> above.)
With luck, this will get me unwedged. But if you
really didn't forget anything, try typing `2' now; then
my insertion and my current dilemma will both disappear.

! Missing } inserted.
<inserted text> 
                }
l.1321 \end{equation}
                     
I've inserted something that you may have forgotten.
(See the <inserted text> above.)
With luck, this will get me unwedged. But if you
really didn't forget anything, try typing `2' now; then
my insertion and my current dilemma will both disappear.

! Missing \cr inserted.
<inserted text> 
                \cr 
l.1321 \end{equation}
                     
I'm guessing that you meant to end an alignment here.

! Missing $ inserted.
<inserted text> 
                $
l.1321 \end{equation}
                     
I've inserted a begin-math/end-math symbol since I think
you left one out. Proceed, with fingers crossed.

! Missing } inserted.
<inserted text> 
                }
l.1321 \end{equation}
                     
I've inserted something that you may have forgotten.
(See the <inserted text> above.)
With luck, this will get me unwedged. But if you
really didn't forget anything, try typing `2' now; then
my insertion and my current dilemma will both disappear.

! Missing \right. inserted.
<inserted text> 
                \right .
l.1321 \end{equation}
                     
I've inserted something that you may have forgotten.
(See the <inserted text> above.)
With luck, this will get me unwedged. But if you
really didn't forget anything, try typing `2' now; then
my insertion and my current dilemma will both disappear.

! Missing \right. inserted.
<inserted text> 
                \right .
l.1322 with respect to $
                        \beta$ and $b,$ which ultimately requires minimizing...
I've inserted something that you may have forgotten.
(See the <inserted text> above.)
With luck, this will get me unwedged. But if you
really didn't forget anything, try typing `2' now; then
my insertion and my current dilemma will both disappear.

! Display math should end with $$.
<to be read again> 
                   \beta 
l.1322 with respect to $\beta
                             $ and $b,$ which ultimately requires minimizing...
The `$' that I just saw supposedly matches a previous `$$'.
So I shall assume that you typed `$$' both times.


Overfull \hbox (27.65207pt too wide) detected at line 1322
[][] [] []
 []

! Missing $ inserted.
<inserted text> 
                $
l.1322 with respect to $\beta
                             $ and $b,$ which ultimately requires minimizing...
I've inserted a begin-math/end-math symbol since I think
you left one out. Proceed, with fingers crossed.


Package natbib Warning: Citation `Henderson1963' on page 43 undefined on input 
line 1346.


Package natbib Warning: Citation `Robi:BLUP:1991' on page 43 undefined on input
 line 1348.


Package natbib Warning: Citation `Henderson:1950' on page 43 undefined on input
 line 1348.


Package natbib Warning: Citation `Henderson:1973' on page 43 undefined on input
 line 1348.


Package natbib Warning: Citation `Lee:Neld:Pawi:2006' on page 43 undefined on i
nput line 1348.

[43]

Package natbib Warning: Citation `REMLDefine' on page 44 undefined on input lin
e 1384.

[44]

Package natbib Warning: Citation `EM' on page 45 undefined on input line 1395.

[45]

Package natbib Warning: Citation `Pawi:in:2001' on page 46 undefined on input l
ine 1410.


Package natbib Warning: Citation `Lee:Neld:hier:1996' on page 46 undefined on i
nput line 1410.


Package natbib Warning: Citation `Gree:Silv:nonp:1994' on page 46 undefined on 
input line 1410.


Package natbib Warning: Citation `Gree:Silv:nonp:1994' on page 46 undefined on 
input line 1410.


Package natbib Warning: Citation `Henderson:1950' on page 46 undefined on input
 line 1410.

! Extra }, or forgotten $.
l.1422 \delta = \begin{pmatrix}\beta \\ b}
                                          ,
I've deleted a group-closing symbol because it seems to be
spurious, as in `$x}$'. But perhaps the } is legitimate and
you forgot something else, as in `\hbox{$x}'. In such cases
the way to recover is to insert both the forgotten and the
deleted material, e.g., by typing `I$}'.

! Extra }, or forgotten $.
l.1425 }
        ,
I've deleted a group-closing symbol because it seems to be
spurious, as in `$x}$'. But perhaps the } is legitimate and
you forgot something else, as in `\hbox{$x}'. In such cases
the way to recover is to insert both the forgotten and the
deleted material, e.g., by typing `I$}'.

! Extra }, or forgotten $.
l.1429 }
        ,
I've deleted a group-closing symbol because it seems to be
spurious, as in `$x}$'. But perhaps the } is legitimate and
you forgot something else, as in `\hbox{$x}'. In such cases
the way to recover is to insert both the forgotten and the
deleted material, e.g., by typing `I$}'.

! Extra }, or forgotten $.
l.1432 0 &  D }
               ,
I've deleted a group-closing symbol because it seems to be
spurious, as in `$x}$'. But perhaps the } is legitimate and
you forgot something else, as in `\hbox{$x}'. In such cases
the way to recover is to insert both the forgotten and the
deleted material, e.g., by typing `I$}'.


! LaTeX Error: \begin{pmatrix} on input line 1430 ended by \end{equation*}.

See the LaTeX manual or LaTeX Companion for explanation.
Type  H <return>  for immediate help.
 ...                                              
                                                  
l.1433 \]
         
Your command was ignored.
Type  I <command> <return>  to replace it with another command,
or  <return>  to continue without it.

! Missing $ inserted.
<inserted text> 
                $
l.1433 \]
         
I've inserted something that you may have forgotten.
(See the <inserted text> above.)
With luck, this will get me unwedged. But if you
really didn't forget anything, try typing `2' now; then
my insertion and my current dilemma will both disappear.

! Missing } inserted.
<inserted text> 
                }
l.1433 \]
         
I've inserted something that you may have forgotten.
(See the <inserted text> above.)
With luck, this will get me unwedged. But if you
really didn't forget anything, try typing `2' now; then
my insertion and my current dilemma will both disappear.

! Missing \cr inserted.
<inserted text> 
                \cr 
l.1433 \]
         
I'm guessing that you meant to end an alignment here.

! Missing $ inserted.
<inserted text> 
                $
l.1433 \]
         
I've inserted a begin-math/end-math symbol since I think
you left one out. Proceed, with fingers crossed.

! Missing } inserted.
<inserted text> 
                }
l.1433 \]
         
I've inserted something that you may have forgotten.
(See the <inserted text> above.)
With luck, this will get me unwedged. But if you
really didn't forget anything, try typing `2' now; then
my insertion and my current dilemma will both disappear.

! Missing \right. inserted.
<inserted text> 
                \right .
l.1433 \]
         
I've inserted something that you may have forgotten.
(See the <inserted text> above.)
With luck, this will get me unwedged. But if you
really didn't forget anything, try typing `2' now; then
my insertion and my current dilemma will both disappear.


! LaTeX Error: Command \bfseries invalid in math mode.

See the LaTeX manual or LaTeX Companion for explanation.
Type  H <return>  for immediate help.
 ...                                              
                                                  
l.1434 where \cite{Lee:Neld:Pawi:2006}
                                       describe $\psi = 0$ as quasi-data wit...

Please use the math alphabet \mathbf instead of the \bfseries command. 


Package natbib Warning: Citation `Lee:Neld:Pawi:2006' on page 46 undefined on i
nput line 1434.

! Missing $ inserted.
<inserted text> 
                $
l.1434 ...\cite{Lee:Neld:Pawi:2006} describe $\psi
                                                   = 0$ as quasi-data with m...
I've inserted a begin-math/end-math symbol since I think
you left one out. Proceed, with fingers crossed.

! Missing } inserted.
<inserted text> 
                }
l.1438 \newpage
                                                                            ...
I've inserted something that you may have forgotten.
(See the <inserted text> above.)
With luck, this will get me unwedged. But if you
really didn't forget anything, try typing `2' now; then
my insertion and my current dilemma will both disappear.

! Missing \cr inserted.
<inserted text> 
                \cr 
l.1438 \newpage
                                                                            ...
I'm guessing that you meant to end an alignment here.

! Missing { inserted.
<inserted text> 
                {
l.1438 \newpage
                                                                            ...
I've put in what seems to be necessary to fix
the current column of the current alignment.
Try to go on, since this might almost work.

! Missing $ inserted.
<inserted text> 
                $
l.1438 \newpage
                                                                            ...
I've inserted a begin-math/end-math symbol since I think
you left one out. Proceed, with fingers crossed.

! Missing } inserted.
<inserted text> 
                }
l.1438 \newpage
                                                                            ...
I've inserted something that you may have forgotten.
(See the <inserted text> above.)
With luck, this will get me unwedged. But if you
really didn't forget anything, try typing `2' now; then
my insertion and my current dilemma will both disappear.


Package natbib Warning: Citation `lam' on page 46 undefined on input line 1442.



Package natbib Warning: Citation `hamlett' on page 46 undefined on input line 1
442.


! LaTeX Error: Something's wrong--perhaps a missing \item.

See the LaTeX manual or LaTeX Companion for explanation.
Type  H <return>  for immediate help.
 ...                                              
                                                  
l.1475 \subsection
                  {Formulation of the Response Vector}
Try typing  <return>  to proceed.
If that doesn't work, type  X <return>  to quit.


! LaTeX Error: Something's wrong--perhaps a missing \item.

See the LaTeX manual or LaTeX Companion for explanation.
Type  H <return>  for immediate help.
 ...                                              
                                                  
l.1475 \subsection
                  {Formulation of the Response Vector}
Try typing  <return>  to proceed.
If that doesn't work, type  X <return>  to quit.


Overfull \hbox (20.98003pt too wide) in paragraph at lines 1470--1475
\OT1/cmr/m/n/12 tic-u-lar time point, and is the same over all time points. []\
OT1/cmr/bx/n/14.4 Formulation
 []


! LaTeX Error: Something's wrong--perhaps a missing \item.

See the LaTeX manual or LaTeX Companion for explanation.
Type  H <return>  for immediate help.
 ...                                              
                                                  
l.1494 \subsection
                  {Decomposition of the response covariance matrix}
Try typing  <return>  to proceed.
If that doesn't work, type  X <return>  to quit.


! LaTeX Error: Something's wrong--perhaps a missing \item.

See the LaTeX manual or LaTeX Companion for explanation.
Type  H <return>  for immediate help.
 ...                                              
                                                  
l.1494 \subsection
                  {Decomposition of the response covariance matrix}
Try typing  <return>  to proceed.
If that doesn't work, type  X <return>  to quit.


Package natbib Warning: Citation `hamlett' on page 46 undefined on input line 1
501.


Package natbib Warning: Citation `lam' on page 46 undefined on input line 1501.



Package natbib Warning: Citation `roy' on page 46 undefined on input line 1501.



Package natbib Warning: Citation `roy2006' on page 46 undefined on input line 1
501.


Package natbib Warning: Citation `roy' on page 46 undefined on input line 1503.



Package natbib Warning: Citation `hamlett' on page 46 undefined on input line 1
505.


! LaTeX Error: Something's wrong--perhaps a missing \item.

See the LaTeX manual or LaTeX Companion for explanation.
Type  H <return>  for immediate help.
 ...                                              
                                                  
l.1524 \subsection
 