This is pdfTeX, Version 3.1415926-2.5-1.40.14 (MiKTeX 2.9) (preloaded format=pdflatex 2014.10.12)  15 FEB 2015 19:54
entering extended mode
**MASTER.tex
(G:\MCS-Chap1-master\MASTER.tex
LaTeX2e <2011/06/27>
Babel <v3.8m> and hyphenation patterns for english, afrikaans, ancientgreek, ar
abic, armenian, assamese, basque, bengali, bokmal, bulgarian, catalan, coptic, 
croatian, czech, danish, dutch, esperanto, estonian, farsi, finnish, french, ga
lician, german, german-x-2013-05-26, greek, gujarati, hindi, hungarian, iceland
ic, indonesian, interlingua, irish, italian, kannada, kurmanji, latin, latvian,
 lithuanian, malayalam, marathi, mongolian, mongolianlmc, monogreek, ngerman, n
german-x-2013-05-26, nynorsk, oriya, panjabi, pinyin, polish, portuguese, roman
ian, russian, sanskrit, serbian, slovak, slovenian, spanish, swedish, swissgerm
an, tamil, telugu, turkish, turkmen, ukenglish, ukrainian, uppersorbian, usengl
ishmax, welsh, loaded.
("C:\Program Files (x86)\MiKTeX 2.9\tex\latex\base\report.cls"
Document Class: report 2007/10/19 v1.4h Standard LaTeX document class
("C:\Program Files (x86)\MiKTeX 2.9\tex\latex\base\size12.clo"
File: size12.clo 2007/10/19 v1.4h Standard LaTeX file (size option)
)
\c@part=\count79
\c@chapter=\count80
\c@section=\count81
\c@subsection=\count82
\c@subsubsection=\count83
\c@paragraph=\count84
\c@subparagraph=\count85
\c@figure=\count86
\c@table=\count87
\abovecaptionskip=\skip41
\belowcaptionskip=\skip42
\bibindent=\dimen102
)
("C:\Program Files (x86)\MiKTeX 2.9\tex\latex\graphics\epsfig.sty"
Package: epsfig 1999/02/16 v1.7a (e)psfig emulation (SPQR)

("C:\Program Files (x86)\MiKTeX 2.9\tex\latex\graphics\graphicx.sty"
Package: graphicx 1999/02/16 v1.0f Enhanced LaTeX Graphics (DPC,SPQR)

("C:\Program Files (x86)\MiKTeX 2.9\tex\latex\graphics\keyval.sty"
Package: keyval 1999/03/16 v1.13 key=value parser (DPC)
\KV@toks@=\toks14
)
("C:\Program Files (x86)\MiKTeX 2.9\tex\latex\graphics\graphics.sty"
Package: graphics 2009/02/05 v1.0o Standard LaTeX Graphics (DPC,SPQR)

("C:\Program Files (x86)\MiKTeX 2.9\tex\latex\graphics\trig.sty"
Package: trig 1999/03/16 v1.09 sin cos tan (DPC)
)
("C:\Program Files (x86)\MiKTeX 2.9\tex\latex\00miktex\graphics.cfg"
File: graphics.cfg 2007/01/18 v1.5 graphics configuration of teTeX/TeXLive
)
Package graphics Info: Driver file: pdftex.def on input line 91.

("C:\Program Files (x86)\MiKTeX 2.9\tex\latex\pdftex-def\pdftex.def"
File: pdftex.def 2011/05/27 v0.06d Graphics/color for pdfTeX

("C:\Program Files (x86)\MiKTeX 2.9\tex\generic\oberdiek\infwarerr.sty"
Package: infwarerr 2010/04/08 v1.3 Providing info/warning/error messages (HO)
)
("C:\Program Files (x86)\MiKTeX 2.9\tex\generic\oberdiek\ltxcmds.sty"
Package: ltxcmds 2011/11/09 v1.22 LaTeX kernel commands for general use (HO)
)
\Gread@gobject=\count88
))
\Gin@req@height=\dimen103
\Gin@req@width=\dimen104
)
\epsfxsize=\dimen105
\epsfysize=\dimen106
)
(C:\Users\Kevin\AppData\Roaming\MiKTeX\2.9\tex\latex\subfigure\subfigure.sty
Package: subfigure 2002/07/30 v2.1.4 subfigure package
\subfigtopskip=\skip43
\subfigcapskip=\skip44
\subfigcaptopadj=\dimen107
\subfigbottomskip=\skip45
\subfigcapmargin=\dimen108
\subfiglabelskip=\skip46
\c@subfigure=\count89
\c@lofdepth=\count90
\c@subtable=\count91
\c@lotdepth=\count92

****************************************
* Local config file subfigure.cfg used *
****************************************
(C:\Users\Kevin\AppData\Roaming\MiKTeX\2.9\tex\latex\subfigure\subfigure.cfg)
\subfig@top=\skip47
\subfig@bottom=\skip48
)
("C:\Program Files (x86)\MiKTeX 2.9\tex\latex\amsfonts\amssymb.sty"
Package: amssymb 2013/01/14 v3.01 AMS font symbols

("C:\Program Files (x86)\MiKTeX 2.9\tex\latex\amsfonts\amsfonts.sty"
Package: amsfonts 2013/01/14 v3.01 Basic AMSFonts support
\@emptytoks=\toks15
\symAMSa=\mathgroup4
\symAMSb=\mathgroup5
LaTeX Font Info:    Overwriting math alphabet `\mathfrak' in version `bold'
(Font)                  U/euf/m/n --> U/euf/b/n on input line 106.
))
("C:\Program Files (x86)\MiKTeX 2.9\tex\latex\amsmath\amsbsy.sty"
Package: amsbsy 1999/11/29 v1.2d

("C:\Program Files (x86)\MiKTeX 2.9\tex\latex\amsmath\amsgen.sty"
File: amsgen.sty 1999/11/30 v2.0
\@emptytoks=\toks16
\ex@=\dimen109
)
\pmbraise@=\dimen110
)
("C:\Program Files (x86)\MiKTeX 2.9\tex\latex\amscls\amsthm.sty"
Package: amsthm 2004/08/06 v2.20
\thm@style=\toks17
\thm@bodyfont=\toks18
\thm@headfont=\toks19
\thm@notefont=\toks20
\thm@headpunct=\toks21
\thm@preskip=\skip49
\thm@postskip=\skip50
\thm@headsep=\skip51
\dth@everypar=\toks22
)
(C:\Users\Kevin\AppData\Roaming\MiKTeX\2.9\tex\latex\subfiles\subfiles.sty
Package: subfiles 2012/05/23 Federico Garcia

("C:\Program Files (x86)\MiKTeX 2.9\tex\latex\tools\verbatim.sty"
Package: verbatim 2003/08/22 v1.5q LaTeX2e package for verbatim enhancements
\every@verbatim=\toks23
\verbatim@line=\toks24
\verbatim@in@stream=\read1
))
(C:\Users\Kevin\AppData\Roaming\MiKTeX\2.9\tex\latex\natbib\natbib.sty
Package: natbib 2010/09/13 8.31b (PWD, AO)
\bibhang=\skip52
\bibsep=\skip53
LaTeX Info: Redefining \cite on input line 694.
\c@NAT@ctr=\count93
)
(C:\Users\Kevin\AppData\Roaming\MiKTeX\2.9\tex\latex\ieeepes\vmargin.sty
Package: vmargin 1999/06/01

Package `vmargin', V2.2, <1999/06/01>
\PaperWidth=\dimen111
\PaperHeight=\dimen112
)
\c@theorem=\count94
\c@axiom=\count95
\c@definition=\count96
\c@notation=\count97
\c@remark=\count98
\c@example=\count99
 (G:\MCS-Chap1-master\MASTER.aux

Package natbib Warning: Citation `ACR' multiply defined.


Package natbib Warning: Citation `BA83' multiply defined.


Package natbib Warning: Citation `AltmanBook' multiply defined.


Package natbib Warning: Citation `Barnhart' multiply defined.


Package natbib Warning: Citation `Bartko' multiply defined.


Package natbib Warning: Citation `BH' multiply defined.


Package natbib Warning: Citation `BA86' multiply defined.


Package natbib Warning: Citation `BA95' multiply defined.


Package natbib Warning: Citation `BA99' multiply defined.


Package natbib Warning: Citation `BB89' multiply defined.


Package natbib Warning: Citation `CarollRupert' multiply defined.


Package natbib Warning: Citation `BXC2008' multiply defined.


Package natbib Warning: Citation `Cohen' multiply defined.


Package natbib Warning: Citation `CornCoch' multiply defined.


Package natbib Warning: Citation `Dewitte' multiply defined.


Package natbib Warning: Citation `DunnSEME' multiply defined.


Package natbib Warning: Citation `Eksborg' multiply defined.


Package natbib Warning: Citation `Grubbs73' multiply defined.


Package natbib Warning: Citation `hollis' multiply defined.


Package natbib Warning: Citation `Krumm' multiply defined.


Package natbib Warning: Citation `Kummel' multiply defined.


Package natbib Warning: Citation `lewis' multiply defined.


Package natbib Warning: Citation `lin2000' multiply defined.


Package natbib Warning: Citation `lin2002' multiply defined.


Package natbib Warning: Citation `lin' multiply defined.


Package natbib Warning: Citation `linnet98' multiply defined.


Package natbib Warning: Citation `linnet99' multiply defined.


Package natbib Warning: Citation `ludbrook97' multiply defined.


Package natbib Warning: Citation `ludbrook02' multiply defined.


Package natbib Warning: Citation `luiz' multiply defined.


Package natbib Warning: Citation `mantha' multiply defined.


Package natbib Warning: Citation `Myles' multiply defined.


Package natbib Warning: Citation `NIST' multiply defined.


Package natbib Warning: Citation `BritHypSoc' multiply defined.


Package natbib Warning: Citation `phelps' multiply defined.


Package natbib Warning: Citation `pb' multiply defined.


Package natbib Warning: Citation `pizzi' multiply defined.


Package natbib Warning: Citation `BAcite' multiply defined.


Package natbib Warning: Citation `zhang' multiply defined.


Package natbib Warning: Citation `ACR' multiply defined.


Package natbib Warning: Citation `BA83' multiply defined.


Package natbib Warning: Citation `AltmanBook' multiply defined.


Package natbib Warning: Citation `Barnhart' multiply defined.


Package natbib Warning: Citation `Bartko' multiply defined.


Package natbib Warning: Citation `BH' multiply defined.


Package natbib Warning: Citation `BA86' multiply defined.


Package natbib Warning: Citation `BA95' multiply defined.


Package natbib Warning: Citation `BA99' multiply defined.


Package natbib Warning: Citation `BB89' multiply defined.


Package natbib Warning: Citation `CarollRupert' multiply defined.


Package natbib Warning: Citation `BXC2008' multiply defined.


Package natbib Warning: Citation `Cohen' multiply defined.


Package natbib Warning: Citation `CornCoch' multiply defined.


Package natbib Warning: Citation `Dewitte' multiply defined.


Package natbib Warning: Citation `DunnSEME' multiply defined.


Package natbib Warning: Citation `Eksborg' multiply defined.


Package natbib Warning: Citation `Grubbs73' multiply defined.


Package natbib Warning: Citation `hollis' multiply defined.


Package natbib Warning: Citation `Krumm' multiply defined.


Package natbib Warning: Citation `Kummel' multiply defined.


Package natbib Warning: Citation `lewis' multiply defined.


Package natbib Warning: Citation `lin2000' multiply defined.


Package natbib Warning: Citation `lin2002' multiply defined.


Package natbib Warning: Citation `lin' multiply defined.


Package natbib Warning: Citation `linnet98' multiply defined.


Package natbib Warning: Citation `linnet99' multiply defined.


Package natbib Warning: Citation `ludbrook97' multiply defined.


Package natbib Warning: Citation `ludbrook02' multiply defined.


Package natbib Warning: Citation `luiz' multiply defined.


Package natbib Warning: Citation `mantha' multiply defined.


Package natbib Warning: Citation `Myles' multiply defined.


Package natbib Warning: Citation `NIST' multiply defined.


Package natbib Warning: Citation `BritHypSoc' multiply defined.


Package natbib Warning: Citation `phelps' multiply defined.


Package natbib Warning: Citation `pb' multiply defined.


Package natbib Warning: Citation `pizzi' multiply defined.


Package natbib Warning: Citation `BAcite' multiply defined.


Package natbib Warning: Citation `zhang' multiply defined.


LaTeX Warning: Label `ZhangDeming' multiply defined.


Package natbib Warning: Citation `ACR' multiply defined.


Package natbib Warning: Citation `BA83' multiply defined.


Package natbib Warning: Citation `AltmanBook' multiply defined.


Package natbib Warning: Citation `Barnhart' multiply defined.


Package natbib Warning: Citation `Bartko' multiply defined.


Package natbib Warning: Citation `BH' multiply defined.


Package natbib Warning: Citation `BA86' multiply defined.


Package natbib Warning: Citation `BA95' multiply defined.


Package natbib Warning: Citation `BA99' multiply defined.


Package natbib Warning: Citation `BB89' multiply defined.


Package natbib Warning: Citation `CarollRupert' multiply defined.


Package natbib Warning: Citation `BXC2008' multiply defined.


Package natbib Warning: Citation `Cohen' multiply defined.


Package natbib Warning: Citation `CornCoch' multiply defined.


Package natbib Warning: Citation `Dewitte' multiply defined.


Package natbib Warning: Citation `DunnSEME' multiply defined.


Package natbib Warning: Citation `Eksborg' multiply defined.


Package natbib Warning: Citation `Grubbs73' multiply defined.


Package natbib Warning: Citation `hollis' multiply defined.


Package natbib Warning: Citation `Krumm' multiply defined.


Package natbib Warning: Citation `Kummel' multiply defined.


Package natbib Warning: Citation `lewis' multiply defined.


Package natbib Warning: Citation `lin2000' multiply defined.


Package natbib Warning: Citation `lin2002' multiply defined.


Package natbib Warning: Citation `lin' multiply defined.


Package natbib Warning: Citation `linnet98' multiply defined.


Package natbib Warning: Citation `linnet99' multiply defined.


Package natbib Warning: Citation `ludbrook97' multiply defined.


Package natbib Warning: Citation `ludbrook02' multiply defined.


Package natbib Warning: Citation `luiz' multiply defined.


Package natbib Warning: Citation `mantha' multiply defined.


Package natbib Warning: Citation `Myles' multiply defined.


Package natbib Warning: Citation `NIST' multiply defined.


Package natbib Warning: Citation `BritHypSoc' multiply defined.


Package natbib Warning: Citation `phelps' multiply defined.


Package natbib Warning: Citation `pb' multiply defined.


Package natbib Warning: Citation `pizzi' multiply defined.


Package natbib Warning: Citation `BAcite' multiply defined.


Package natbib Warning: Citation `zhang' multiply defined.


Package natbib Warning: Citation `ACR' multiply defined.


Package natbib Warning: Citation `BA83' multiply defined.


Package natbib Warning: Citation `AltmanBook' multiply defined.


Package natbib Warning: Citation `Barnhart' multiply defined.


Package natbib Warning: Citation `Bartko' multiply defined.


Package natbib Warning: Citation `BH' multiply defined.


Package natbib Warning: Citation `BA86' multiply defined.


Package natbib Warning: Citation `BA95' multiply defined.


Package natbib Warning: Citation `BA99' multiply defined.


Package natbib Warning: Citation `BB89' multiply defined.


Package natbib Warning: Citation `CarollRupert' multiply defined.


Package natbib Warning: Citation `BXC2008' multiply defined.


Package natbib Warning: Citation `Cohen' multiply defined.


Package natbib Warning: Citation `CornCoch' multiply defined.


Package natbib Warning: Citation `Dewitte' multiply defined.


Package natbib Warning: Citation `DunnSEME' multiply defined.


Package natbib Warning: Citation `Eksborg' multiply defined.


Package natbib Warning: Citation `Grubbs73' multiply defined.


Package natbib Warning: Citation `hollis' multiply defined.


Package natbib Warning: Citation `Krumm' multiply defined.


Package natbib Warning: Citation `Kummel' multiply defined.


Package natbib Warning: Citation `lewis' multiply defined.


Package natbib Warning: Citation `lin2000' multiply defined.


Package natbib Warning: Citation `lin2002' multiply defined.


Package natbib Warning: Citation `lin' multiply defined.


Package natbib Warning: Citation `linnet98' multiply defined.


Package natbib Warning: Citation `linnet99' multiply defined.


Package natbib Warning: Citation `ludbrook97' multiply defined.


Package natbib Warning: Citation `ludbrook02' multiply defined.


Package natbib Warning: Citation `luiz' multiply defined.


Package natbib Warning: Citation `mantha' multiply defined.


Package natbib Warning: Citation `Myles' multiply defined.


Package natbib Warning: Citation `NIST' multiply defined.


Package natbib Warning: Citation `BritHypSoc' multiply defined.


Package natbib Warning: Citation `phelps' multiply defined.


Package natbib Warning: Citation `pb' multiply defined.


Package natbib Warning: Citation `pizzi' multiply defined.


Package natbib Warning: Citation `BAcite' multiply defined.


Package natbib Warning: Citation `zhang' multiply defined.


Package natbib Warning: Citation `ACR' multiply defined.


Package natbib Warning: Citation `BA83' multiply defined.


Package natbib Warning: Citation `AltmanBook' multiply defined.


Package natbib Warning: Citation `Barnhart' multiply defined.


Package natbib Warning: Citation `Bartko' multiply defined.


Package natbib Warning: Citation `BH' multiply defined.


Package natbib Warning: Citation `BA86' multiply defined.


Package natbib Warning: Citation `BA95' multiply defined.


Package natbib Warning: Citation `BA99' multiply defined.


Package natbib Warning: Citation `BB89' multiply defined.


Package natbib Warning: Citation `CarollRupert' multiply defined.


Package natbib Warning: Citation `BXC2008' multiply defined.


Package natbib Warning: Citation `Cohen' multiply defined.


Package natbib Warning: Citation `CornCoch' multiply defined.


Package natbib Warning: Citation `Dewitte' multiply defined.


Package natbib Warning: Citation `DunnSEME' multiply defined.


Package natbib Warning: Citation `Eksborg' multiply defined.


Package natbib Warning: Citation `Grubbs73' multiply defined.


Package natbib Warning: Citation `hollis' multiply defined.


Package natbib Warning: Citation `Krumm' multiply defined.


Package natbib Warning: Citation `Kummel' multiply defined.


Package natbib Warning: Citation `lewis' multiply defined.


Package natbib Warning: Citation `lin2000' multiply defined.


Package natbib Warning: Citation `lin2002' multiply defined.


Package natbib Warning: Citation `lin' multiply defined.


Package natbib Warning: Citation `linnet98' multiply defined.


Package natbib Warning: Citation `linnet99' multiply defined.


Package natbib Warning: Citation `ludbrook97' multiply defined.


Package natbib Warning: Citation `ludbrook02' multiply defined.


Package natbib Warning: Citation `luiz' multiply defined.


Package natbib Warning: Citation `mantha' multiply defined.


Package natbib Warning: Citation `Myles' multiply defined.


Package natbib Warning: Citation `NIST' multiply defined.


Package natbib Warning: Citation `BritHypSoc' multiply defined.


Package natbib Warning: Citation `phelps' multiply defined.


Package natbib Warning: Citation `pb' multiply defined.


Package natbib Warning: Citation `pizzi' multiply defined.


Package natbib Warning: Citation `BAcite' multiply defined.


Package natbib Warning: Citation `zhang' multiply defined.

)
LaTeX Font Info:    Checking defaults for OML/cmm/m/it on input line 39.
LaTeX Font Info:    ... okay on input line 39.
LaTeX Font Info:    Checking defaults for T1/cmr/m/n on input line 39.
LaTeX Font Info:    ... okay on input line 39.
LaTeX Font Info:    Checking defaults for OT1/cmr/m/n on input line 39.
LaTeX Font Info:    ... okay on input line 39.
LaTeX Font Info:    Checking defaults for OMS/cmsy/m/n on input line 39.
LaTeX Font Info:    ... okay on input line 39.
LaTeX Font Info:    Checking defaults for OMX/cmex/m/n on input line 39.
LaTeX Font Info:    ... okay on input line 39.
LaTeX Font Info:    Checking defaults for U/cmr/m/n on input line 39.
LaTeX Font Info:    ... okay on input line 39.
 (C:\Users\Kevin\AppData\Roaming\MiKTeX\2.9\tex\context\base\supp-pdf.mkii
[Loading MPS to PDF converter (version 2006.09.02).]
\scratchcounter=\count100
\scratchdimen=\dimen113
\scratchbox=\box26
\nofMPsegments=\count101
\nofMParguments=\count102
\everyMPshowfont=\toks25
\MPscratchCnt=\count103
\MPscratchDim=\dimen114
\MPnumerator=\count104
\makeMPintoPDFobject=\count105
\everyMPtoPDFconversion=\toks26
)
LaTeX Font Info:    Try loading font information for U+msa on input line 43.
 ("C:\Program Files (x86)\MiKTeX 2.9\tex\latex\amsfonts\umsa.fd"
File: umsa.fd 2013/01/14 v3.01 AMS symbols A
)
LaTeX Font Info:    Try loading font information for U+msb on input line 43.

("C:\Program Files (x86)\MiKTeX 2.9\tex\latex\amsfonts\umsb.fd"
File: umsb.fd 2013/01/14 v3.01 AMS symbols B
) [1

{C:/Users/Kevin/AppData/Local/MiKTeX/2.9/pdftex/config/pdftex.map}]
(G:\MCS-Chap1-master\MASTER.toc [1

] [2] [3] [4])
\tf@toc=\write3
 [5]
LaTeX Font Info:    Try loading font information for OMS+cmr on input line 50.

("C:\Program Files (x86)\MiKTeX 2.9\tex\latex\base\omscmr.fd"
File: omscmr.fd 1999/05/25 v2.5h Standard LaTeX font definitions
)
LaTeX Font Info:    Font shape `OMS/cmr/m/n' in size <12> not available
(Font)              Font shape `OMS/cmsy/m/n' tried instead on input line 50.

(G:\MCS-Chap1-master\IntroMCS.tex [6]
Chapter 1.
[7

] [8] [9] [10] [11] (G:\MCS-Chap1-master\Repeatability.tex) [12]
Underfull \hbox (badness 10000) in paragraph at lines 179--180

 []

[13] [14] [15] [16] [17] [18] [19]
(G:\MCS-Chap1-master\ConversionGoldStandard.tex [20] [21] [22] [23] [24]
[25] [26]
Underfull \hbox (badness 10000) in paragraph at lines 220--230

 []


Underfull \hbox (badness 10000) in paragraph at lines 231--248

 []

[27] [28]) [29] (G:\MCS-Chap1-master\MASTER.bbl [30

]
Missing character: There is no ï in font cmr12!
Missing character: There is no ¿ in font cmr12!
Missing character: There is no ½ in font cmr12!
Missing character: There is no ï in font cmr12!
Missing character: There is no ¿ in font cmr12!
Missing character: There is no ½ in font cmr12!
 [31]
Missing character: There is no ï in font cmr12!
Missing character: There is no ¿ in font cmr12!
Missing character: There is no ½ in font cmr12!
Missing character: There is no ï in font cmr12!
Missing character: There is no ¿ in font cmr12!
Missing character: There is no ½ in font cmr12!
Missing character: There is no ï in font cmr12!
Missing character: There is no ¿ in font cmr12!
Missing character: There is no ½ in font cmr12!
 [32]
Missing character: There is no ï in font cmr12!
Missing character: There is no ¿ in font cmr12!
Missing character: There is no ½ in font cmr12!
Missing character: There is no ï in font cmr12!
Missing character: There is no ¿ in font cmr12!
Missing character: There is no ½ in font cmr12!
Missing character: There is no ï in font cmr12!
Missing character: There is no ¿ in font cmr12!
Missing character: There is no ½ in font cmr12!
)) [33]
Chapter 2.
[34

] <GrubbsScatter.jpeg, id=119, 655.44875pt x 655.44875pt>
File: GrubbsScatter.jpeg Graphic file (type jpg)

<use GrubbsScatter.jpeg>
Package pdftex.def Info: GrubbsScatter.jpeg used on input line 85.
(pdftex.def)             Requested size: 355.65944pt x 355.65727pt.
 [35 <G:/MCS-Chap1-master/GrubbsScatter.jpeg>] [36]
[37] [38] [39] <GrubbsBAplot-noLOA.jpeg, id=137, 655.44875pt x 655.44875pt>
File: GrubbsBAplot-noLOA.jpeg Graphic file (type jpg)

<use GrubbsBAplot-noLOA.jpeg>
Package pdftex.def Info: GrubbsBAplot-noLOA.jpeg used on input line 187.
(pdftex.def)             Requested size: 341.43306pt x 341.4354pt.

<GrubbsDataTwoBAplots.jpeg, id=138, 1027.84pt x 694.595pt>
File: GrubbsDataTwoBAplots.jpeg Graphic file (type jpg)

<use GrubbsDataTwoBAplots.jpeg>
Package pdftex.def Info: GrubbsDataTwoBAplots.jpeg used on input line 203.
(pdftex.def)             Requested size: 378.94606pt x 256.0748pt.


LaTeX Warning: `!h' float specifier changed to `!ht'.

[40 <G:/MCS-Chap1-master/GrubbsBAplot-noLOA.jpeg>] [41 <G:/MCS-Chap1-master/Gru
bbsDataTwoBAplots.jpeg>] <BAFanEffect.jpeg, id=145, 1027.84pt x 694.595pt>
File: BAFanEffect.jpeg Graphic file (type jpg)

<use BAFanEffect.jpeg>
Package pdftex.def Info: BAFanEffect.jpeg used on input line 236.
(pdftex.def)             Requested size: 378.94606pt x 256.0748pt.
 <PropBias.jpeg, id=146, 1027.84pt x 694.595pt>
File: PropBias.jpeg Graphic file (type jpg)

<use PropBias.jpeg>
Package pdftex.def Info: PropBias.jpeg used on input line 243.
(pdftex.def)             Requested size: 378.94606pt x 256.0748pt.


LaTeX Warning: `!h' float specifier changed to `!ht'.

[42 <G:/MCS-Chap1-master/BAFanEffect.jpeg>] (G:\MCS-Chap1-master\LOA.tex
[43 <G:/MCS-Chap1-master/PropBias.jpeg>]
Chapter 3.
[44

] <GrubbsBAplot-LOA.jpeg, id=157, 1027.84pt x 694.595pt>
File: GrubbsBAplot-LOA.jpeg Graphic file (type jpg)

<use GrubbsBAplot-LOA.jpeg>
Package pdftex.def Info: GrubbsBAplot-LOA.jpeg used on input line 66.
(pdftex.def)             Requested size: 355.65944pt x 240.34564pt.


LaTeX Warning: `!h' float specifier changed to `!ht'.

[45] [46 <G:/MCS-Chap1-master/GrubbsBAplot-LOA.jpeg>] [47] [48] [49])
(G:\MCS-Chap1-master\BAtests.tex [50]
Chapter 4.
<BAOutliers.jpeg, id=179, 1027.84pt x 694.595pt>
File: BAOutliers.jpeg Graphic file (type jpg)
 <use BAOutliers.jpeg>
Package pdftex.def Info: BAOutliers.jpeg used on input line 26.
(pdftex.def)             Requested size: 355.65944pt x 240.34564pt.


LaTeX Warning: `!h' float specifier changed to `!ht'.

[51

]

Package natbib Warning: Citation `Grubbs' on page 52 undefined on input line 42
.

[52 <G:/MCS-Chap1-master/BAOutliers.jpeg>] [53] [54] [55]
(G:\MCS-Chap1-master\MASTER.bbl [56] [57

]
Missing character: There is no ï in font cmr12!
Missing character: There is no ¿ in font cmr12!
Missing character: There is no ½ in font cmr12!
Missing character: There is no ï in font cmr12!
Missing character: There is no ¿ in font cmr12!
Missing character: There is no ½ in font cmr12!
 [58]
Missing character: There is no ï in font cmr12!
Missing character: There is no ¿ in font cmr12!
Missing character: There is no ½ in font cmr12!
Missing character: There is no ï in font cmr12!
Missing character: There is no ¿ in font cmr12!
Missing character: There is no ½ in font cmr12!
Missing character: There is no ï in font cmr12!
Missing character: There is no ¿ in font cmr12!
Missing character: There is no ½ in font cmr12!
 [59]
Missing character: There is no ï in font cmr12!
Missing character: There is no ¿ in font cmr12!
Missing character: There is no ½ in font cmr12!
Missing character: There is no ï in font cmr12!
Missing character: There is no ¿ in font cmr12!
Missing character: There is no ½ in font cmr12!
Missing character: There is no ï in font cmr12!
Missing character: There is no ¿ in font cmr12!
Missing character: There is no ½ in font cmr12!
)) [60] [61]
(G:\MCS-Chap1-master\RegressionMethods.tex [62]
Chapter 5.
[63

] [64] [65]
Underfull \hbox (badness 10000) in paragraph at lines 137--139

 []

[66] [67] [68]

Package natbib Warning: Citation `ludbrook' on page 69 undefined on input line 
233.

[69] [70]

Package natbib Warning: Citation `ludbrook' on page 71 undefined on input line 
328.

[71] (G:\MCS-Chap1-master\MASTER.bbl [72] [73

]
Missing character: There is no ï in font cmr12!
Missing character: There is no ¿ in font cmr12!
Missing character: There is no ½ in font cmr12!
Missing character: There is no ï in font cmr12!
Missing character: There is no ¿ in font cmr12!
Missing character: There is no ½ in font cmr12!
 [74]
Missing character: There is no ï in font cmr12!
Missing character: There is no ¿ in font cmr12!
Missing character: There is no ½ in font cmr12!
Missing character: There is no ï in font cmr12!
Missing character: There is no ¿ in font cmr12!
Missing character: There is no ½ in font cmr12!
Missing character: There is no ï in font cmr12!
Missing character: There is no ¿ in font cmr12!
Missing character: There is no ½ in font cmr12!
 [75]
Missing character: There is no ï in font cmr12!
Missing character: There is no ¿ in font cmr12!
Missing character: There is no ½ in font cmr12!
Missing character: There is no ï in font cmr12!
Missing character: There is no ¿ in font cmr12!
Missing character: There is no ½ in font cmr12!
Missing character: There is no ï in font cmr12!
Missing character: There is no ¿ in font cmr12!
Missing character: There is no ½ in font cmr12!
))
(G:\MCS-Chap1-master\DemingRegression.tex [76]
Chapter 6.
[77

] [78]

LaTeX Warning: `!h' float specifier changed to `!ht'.

<ZhangDeming.jpeg, id=270, 560.0925pt x 559.08875pt>
File: ZhangDeming.jpeg Graphic file (type jpg)
 <use ZhangDeming.jpeg>
Package pdftex.def Info: ZhangDeming.jpeg used on input line 90.
(pdftex.def)             Requested size: 369.88582pt x 369.23857pt.


LaTeX Warning: `!h' float specifier changed to `!ht'.

[79] [80] [81 <G:/MCS-Chap1-master/ZhangDeming.jpeg>] [82] [83] [84]
File: ZhangDeming.jpeg Graphic file (type jpg)

<use ZhangDeming.jpeg>
Package pdftex.def Info: ZhangDeming.jpeg used on input line 196.
(pdftex.def)             Requested size: 369.88582pt x 369.23857pt.
 [85] [86] [87]
Missing character: There is no â in font cmr12!
Missing character: There is no € in font cmr12!
Missing character: There is no ™ in font cmr12!
 [88]
Missing character: There is no â in font cmr12!
Missing character: There is no € in font cmr12!
Missing character: There is no ™ in font cmr12!
 [89]

Package natbib Warning: Citation `kummel' on page 90 undefined on input line 31
0.

[90] [91]
Overfull \hbox (11.67354pt too wide) in paragraph at lines 360--361
[]\OT1/cmr/m/n/12 In the pres-ence of the out-lier, the in-ter-cept and slope a
re es-ti-mated to be $\OMS/cmsy/m/n/12  \OT1/cmr/m/n/12 0\OML/cmm/m/it/12 :\OT1
/cmr/m/n/12 0297027$
 []

[92] [93] [94] [95] [96] [97])
(G:\MCS-Chap1-master\AlternativeGraphicalApproaches.tex [98]
Chapter 7.
[99

] [100] [101] <GrubbsBartko.jpeg, id=345, 1027.84pt x 694.595pt>
File: GrubbsBartko.jpeg Graphic file (type jpg)

<use GrubbsBartko.jpeg>
Package pdftex.def Info: GrubbsBartko.jpeg used on input line 73.
(pdftex.def)             Requested size: 369.88582pt x 249.95862pt.


LaTeX Warning: `!h' float specifier changed to `!ht'.

[102] [103 <G:/MCS-Chap1-master/GrubbsBartko.jpeg>]
<GrubbsBartko2.jpeg, id=353, 1027.84pt x 694.595pt>
File: GrubbsBartko2.jpeg Graphic file (type jpg)
 <use GrubbsBartko2.jpeg>
Package pdftex.def Info: GrubbsBartko2.jpeg used on input line 111.
(pdftex.def)             Requested size: 369.88582pt x 249.95862pt.

[104 <G:/MCS-Chap1-master/GrubbsBartko2.jpeg>]
Missing character: There is no â in font cmr12!
Missing character: There is no € in font cmr12!
Missing character: There is no “ in font cmr12!
 [105] [106]
Missing character: There is no â in font cmr12!
Missing character: There is no € in font cmr12!
Missing character: There is no “ in font cmr12!
Missing character: There is no â in font cmr12!
Missing character: There is no € in font cmr12!
Missing character: There is no ˜ in font cmr12!
Missing character: There is no â in font cmr12!
Missing character: There is no € in font cmr12!
Missing character: There is no ™ in font cmr12!

(G:\MCS-Chap1-master\MASTER.bbl [107] [108

]
Missing character: There is no ï in font cmr12!
Missing character: There is no ¿ in font cmr12!
Missing character: There is no ½ in font cmr12!
Missing character: There is no ï in font cmr12!
Missing character: There is no ¿ in font cmr12!
Missing character: There is no ½ in font cmr12!
 [109]
Missing character: There is no ï in font cmr12!
Missing character: There is no ¿ in font cmr12!
Missing character: There is no ½ in font cmr12!
Missing character: There is no ï in font cmr12!
Missing character: There is no ¿ in font cmr12!
Missing character: There is no ½ in font cmr12!
Missing character: There is no ï in font cmr12!
Missing character: There is no ¿ in font cmr12!
Missing character: There is no ½ in font cmr12!
 [110]
Missing character: There is no ï in font cmr12!
Missing character: There is no ¿ in font cmr12!
Missing character: There is no ½ in font cmr12!
Missing character: There is no ï in font cmr12!
Missing character: There is no ¿ in font cmr12!
Missing character: There is no ½ in font cmr12!
Missing character: There is no ï in font cmr12!
Missing character: There is no ¿ in font cmr12!
Missing character: There is no ½ in font cmr12!
))
(G:\MCS-Chap1-master\AgreementIndices.tex [111]
Chapter 8.
[112

] [113] (G:\MCS-Chap1-master\MASTER.bbl [114] [115

]
Missing character: There is no ï in font cmr12!
Missing character: There is no ¿ in font cmr12!
Missing character: There is no ½ in font cmr12!
Missing character: There is no ï in font cmr12!
Missing character: There is no ¿ in font cmr12!
Missing character: There is no ½ in font cmr12!
 [116]
Missing character: There is no ï in font cmr12!
Missing character: There is no ¿ in font cmr12!
Missing character: There is no ½ in font cmr12!
Missing character: There is no ï in font cmr12!
Missing character: There is no ¿ in font cmr12!
Missing character: There is no ½ in font cmr12!
Missing character: There is no ï in font cmr12!
Missing character: There is no ¿ in font cmr12!
Missing character: There is no ½ in font cmr12!
 [117]
Missing character: There is no ï in font cmr12!
Missing character: There is no ¿ in font cmr12!
Missing character: There is no ½ in font cmr12!
Missing character: There is no ï in font cmr12!
Missing character: There is no ¿ in font cmr12!
Missing character: There is no ½ in font cmr12!
Missing character: There is no ï in font cmr12!
Missing character: There is no ¿ in font cmr12!
Missing character: There is no ½ in font cmr12!
))
(G:\MCS-Chap1-master\Mantha.tex
Missing character: There is no Â in font cmr12!
Missing character: There is no – in font cmr12!
Missing character: There is no Â in font cmr12!
Missing character: There is no – in font cmr12!
 [118] [119])
(G:\MCS-Chap1-master\TechAcceptModel.tex [120]
Chapter 9.
[121

]
LaTeX Font Info:    Font shape `OT1/cmtt/bx/n' in size <12> not available
(Font)              Font shape `OT1/cmtt/m/n' tried instead on input line 53.
) (G:\MCS-Chap1-master\MASTER.bbl [122] [123

]
Missing character: There is no ï in font cmr12!
Missing character: There is no ¿ in font cmr12!
Missing character: There is no ½ in font cmr12!
Missing character: There is no ï in font cmr12!
Missing character: There is no ¿ in font cmr12!
Missing character: There is no ½ in font cmr12!
 [124]
Missing character: There is no ï in font cmr12!
Missing character: There is no ¿ in font cmr12!
Missing character: There is no ½ in font cmr12!
Missing character: There is no ï in font cmr12!
Missing character: There is no ¿ in font cmr12!
Missing character: There is no ½ in font cmr12!
Missing character: There is no ï in font cmr12!
Missing character: There is no ¿ in font cmr12!
Missing character: There is no ½ in font cmr12!
 [125]
Missing character: There is no ï in font cmr12!
Missing character: There is no ¿ in font cmr12!
Missing character: There is no ½ in font cmr12!
Missing character: There is no ï in font cmr12!
Missing character: There is no ¿ in font cmr12!
Missing character: There is no ½ in font cmr12!
Missing character: There is no ï in font cmr12!
Missing character: There is no ¿ in font cmr12!
Missing character: There is no ½ in font cmr12!
)

Package natbib Warning: There were undefined citations.


Package natbib Warning: There were multiply defined citations.

[126] (G:\MCS-Chap1-master\MASTER.aux)

LaTeX Warning: There were multiply-defined labels.

 ) 
Here is how much of TeX's memory you used:
 2529 strings out of 493921
 33837 string characters out of 3144875
 90641 words of memory out of 3000000
 5746 multiletter control sequences out of 15000+200000
 13884 words of font info for 53 fonts, out of 3000000 for 9000
 841 hyphenation exceptions out of 8191
 34i,9n,26p,903b,321s stack positions out of 5000i,500n,10000p,200000b,50000s
<C:/Program Files (x86)/MiKTeX 2.9/fonts/type1/public/amsfonts/cm/cmbx12.pfb>
<C:/Program Files (x86)/MiKTeX 2.9/fonts/type1/public/amsfonts/cm/cmbxti10.pfb>
<C:/Program Files (x86)/MiKTeX 2.9/fonts/type1/public/amsfonts/cm/cmex10.pfb><C
:/Program Files (x86)/MiKTeX 2.9/fonts/type1/public/amsfonts/cm/cmmi12.pfb><C:/
Program Files (x86)/MiKTeX 2.9/fonts/type1/public/amsfonts/cm/cmmi8.pfb><C:/Pro
gram Files (x86)/MiKTeX 2.9/fonts/type1/public/amsfonts/cm/cmr12.pfb><C:/Progra
m Files (x86)/MiKTeX 2.9/fonts/type1/public/amsfonts/cm/cmr17.pfb><C:/Program F
iles (x86)/MiKTeX 2.9/fonts/type1/public/amsfonts/cm/cmr6.pfb><C:/Program Files
 (x86)/MiKTeX 2.9/fonts/type1/public/amsfonts/cm/cmr8.pfb><C:/Program Files (x8
6)/MiKTeX 2.9/fonts/type1/public/amsfonts/cm/cmsy10.pfb><C:/Program Files (x86)
/MiKTeX 2.9/fonts/type1/public/amsfonts/cm/cmsy8.pfb><C:/Program Files (x86)/Mi
KTeX 2.9/fonts/type1/public/amsfonts/cm/cmti12.pfb><C:/Program Files (x86)/MiKT
eX 2.9/fonts/type1/public/amsfonts/cm/cmtt12.pfb>
Output written on MASTER.pdf (127 pages, 1232470 bytes).
PDF statistics:
 472 PDF objects out of 1000 (max. 8388607)
 0 named destinations out of 1000 (max. 500000)
 51 words of extra memory for PDF output out of 10000 (max. 10000000)

