This is pdfTeX, Version 3.1415926-2.5-1.40.14 (MiKTeX 2.9) (preloaded format=pdflatex 2014.10.12)  5 FEB 2015 12:56
entering extended mode
**TransferMaster.tex
("E:\000 Feb 2014 Back Up\WRITEUP\TransferMaster.tex"
LaTeX2e <2011/06/27>
Babel <v3.8m> and hyphenation patterns for english, afrikaans, ancientgreek, ar
abic, armenian, assamese, basque, bengali, bokmal, bulgarian, catalan, coptic, 
croatian, czech, danish, dutch, esperanto, estonian, farsi, finnish, french, ga
lician, german, german-x-2013-05-26, greek, gujarati, hindi, hungarian, iceland
ic, indonesian, interlingua, irish, italian, kannada, kurmanji, latin, latvian,
 lithuanian, malayalam, marathi, mongolian, mongolianlmc, monogreek, ngerman, n
german-x-2013-05-26, nynorsk, oriya, panjabi, pinyin, polish, portuguese, roman
ian, russian, sanskrit, serbian, slovak, slovenian, spanish, swedish, swissgerm
an, tamil, telugu, turkish, turkmen, ukenglish, ukrainian, uppersorbian, usengl
ishmax, welsh, loaded.
("C:\Program Files (x86)\MiKTeX 2.9\tex\latex\base\report.cls"
Document Class: report 2007/10/19 v1.4h Standard LaTeX document class
("C:\Program Files (x86)\MiKTeX 2.9\tex\latex\base\size12.clo"
File: size12.clo 2007/10/19 v1.4h Standard LaTeX file (size option)
)
\c@part=\count79
\c@chapter=\count80
\c@section=\count81
\c@subsection=\count82
\c@subsubsection=\count83
\c@paragraph=\count84
\c@subparagraph=\count85
\c@figure=\count86
\c@table=\count87
\abovecaptionskip=\skip41
\belowcaptionskip=\skip42
\bibindent=\dimen102
)
(C:\Users\Kevin\AppData\Roaming\MiKTeX\2.9\tex\latex\natbib\natbib.sty
Package: natbib 2010/09/13 8.31b (PWD, AO)
\bibhang=\skip43
\bibsep=\skip44
LaTeX Info: Redefining \cite on input line 694.
\c@NAT@ctr=\count88
)
(C:\Users\Kevin\AppData\Roaming\MiKTeX\2.9\tex\latex\ieeepes\vmargin.sty
Package: vmargin 1999/06/01

Package `vmargin', V2.2, <1999/06/01>
\PaperWidth=\dimen103
\PaperHeight=\dimen104
) ("C:\Program Files (x86)\MiKTeX 2.9\tex\latex\graphics\graphicx.sty"
Package: graphicx 1999/02/16 v1.0f Enhanced LaTeX Graphics (DPC,SPQR)

("C:\Program Files (x86)\MiKTeX 2.9\tex\latex\graphics\keyval.sty"
Package: keyval 1999/03/16 v1.13 key=value parser (DPC)
\KV@toks@=\toks14
)
("C:\Program Files (x86)\MiKTeX 2.9\tex\latex\graphics\graphics.sty"
Package: graphics 2009/02/05 v1.0o Standard LaTeX Graphics (DPC,SPQR)

("C:\Program Files (x86)\MiKTeX 2.9\tex\latex\graphics\trig.sty"
Package: trig 1999/03/16 v1.09 sin cos tan (DPC)
)
("C:\Program Files (x86)\MiKTeX 2.9\tex\latex\00miktex\graphics.cfg"
File: graphics.cfg 2007/01/18 v1.5 graphics configuration of teTeX/TeXLive
)
Package graphics Info: Driver file: pdftex.def on input line 91.

("C:\Program Files (x86)\MiKTeX 2.9\tex\latex\pdftex-def\pdftex.def"
File: pdftex.def 2011/05/27 v0.06d Graphics/color for pdfTeX

("C:\Program Files (x86)\MiKTeX 2.9\tex\generic\oberdiek\infwarerr.sty"
Package: infwarerr 2010/04/08 v1.3 Providing info/warning/error messages (HO)
)
("C:\Program Files (x86)\MiKTeX 2.9\tex\generic\oberdiek\ltxcmds.sty"
Package: ltxcmds 2011/11/09 v1.22 LaTeX kernel commands for general use (HO)
)
\Gread@gobject=\count89
))
\Gin@req@height=\dimen105
\Gin@req@width=\dimen106
)
("C:\Program Files (x86)\MiKTeX 2.9\tex\latex\graphics\epsfig.sty"
Package: epsfig 1999/02/16 v1.7a (e)psfig emulation (SPQR)
\epsfxsize=\dimen107
\epsfysize=\dimen108
)
(C:\Users\Kevin\AppData\Roaming\MiKTeX\2.9\tex\latex\subfigure\subfigure.sty
Package: subfigure 2002/07/30 v2.1.4 subfigure package
\subfigtopskip=\skip45
\subfigcapskip=\skip46
\subfigcaptopadj=\dimen109
\subfigbottomskip=\skip47
\subfigcapmargin=\dimen110
\subfiglabelskip=\skip48
\c@subfigure=\count90
\c@lofdepth=\count91
\c@subtable=\count92
\c@lotdepth=\count93

****************************************
* Local config file subfigure.cfg used *
****************************************
(C:\Users\Kevin\AppData\Roaming\MiKTeX\2.9\tex\latex\subfigure\subfigure.cfg)
\subfig@top=\skip49
\subfig@bottom=\skip50
)
("C:\Program Files (x86)\MiKTeX 2.9\tex\latex\amsfonts\amssymb.sty"
Package: amssymb 2013/01/14 v3.01 AMS font symbols

("C:\Program Files (x86)\MiKTeX 2.9\tex\latex\amsfonts\amsfonts.sty"
Package: amsfonts 2013/01/14 v3.01 Basic AMSFonts support
\@emptytoks=\toks15
\symAMSa=\mathgroup4
\symAMSb=\mathgroup5
LaTeX Font Info:    Overwriting math alphabet `\mathfrak' in version `bold'
(Font)                  U/euf/m/n --> U/euf/b/n on input line 106.
))
("C:\Program Files (x86)\MiKTeX 2.9\tex\latex\amsmath\amsbsy.sty"
Package: amsbsy 1999/11/29 v1.2d

("C:\Program Files (x86)\MiKTeX 2.9\tex\latex\amsmath\amsgen.sty"
File: amsgen.sty 1999/11/30 v2.0
\@emptytoks=\toks16
\ex@=\dimen111
)
\pmbraise@=\dimen112
)
("C:\Program Files (x86)\MiKTeX 2.9\tex\latex\amscls\amsthm.sty"
Package: amsthm 2004/08/06 v2.20
\thm@style=\toks17
\thm@bodyfont=\toks18
\thm@headfont=\toks19
\thm@notefont=\toks20
\thm@headpunct=\toks21
\thm@preskip=\skip51
\thm@postskip=\skip52
\thm@headsep=\skip53
\dth@everypar=\toks22
)
("C:\Program Files (x86)\MiKTeX 2.9\tex\latex\amsmath\amsmath.sty"
Package: amsmath 2013/01/14 v2.14 AMS math features
\@mathmargin=\skip54

For additional information on amsmath, use the `?' option.
("C:\Program Files (x86)\MiKTeX 2.9\tex\latex\amsmath\amstext.sty"
Package: amstext 2000/06/29 v2.01
)
("C:\Program Files (x86)\MiKTeX 2.9\tex\latex\amsmath\amsopn.sty"
Package: amsopn 1999/12/14 v2.01 operator names
)
\inf@bad=\count94
LaTeX Info: Redefining \frac on input line 210.
\uproot@=\count95
\leftroot@=\count96
LaTeX Info: Redefining \overline on input line 306.
\classnum@=\count97
\DOTSCASE@=\count98
LaTeX Info: Redefining \ldots on input line 378.
LaTeX Info: Redefining \dots on input line 381.
LaTeX Info: Redefining \cdots on input line 466.
\Mathstrutbox@=\box26
\strutbox@=\box27
\big@size=\dimen113
LaTeX Font Info:    Redeclaring font encoding OML on input line 566.
LaTeX Font Info:    Redeclaring font encoding OMS on input line 567.
\macc@depth=\count99
\c@MaxMatrixCols=\count100
\dotsspace@=\muskip10
\c@parentequation=\count101
\dspbrk@lvl=\count102
\tag@help=\toks23
\row@=\count103
\column@=\count104
\maxfields@=\count105
\andhelp@=\toks24
\eqnshift@=\dimen114
\alignsep@=\dimen115
\tagshift@=\dimen116
\tagwidth@=\dimen117
\totwidth@=\dimen118
\lineht@=\dimen119
\@envbody=\toks25
\multlinegap=\skip55
\multlinetaggap=\skip56
\mathdisplay@stack=\toks26
LaTeX Info: Redefining \[ on input line 2665.
LaTeX Info: Redefining \] on input line 2666.
)
("E:\000 Feb 2014 Back Up\WRITEUP\TransferMaster.aux")
LaTeX Font Info:    Checking defaults for OML/cmm/m/it on input line 23.
LaTeX Font Info:    ... okay on input line 23.
LaTeX Font Info:    Checking defaults for T1/cmr/m/n on input line 23.
LaTeX Font Info:    ... okay on input line 23.
LaTeX Font Info:    Checking defaults for OT1/cmr/m/n on input line 23.
LaTeX Font Info:    ... okay on input line 23.
LaTeX Font Info:    Checking defaults for OMS/cmsy/m/n on input line 23.
LaTeX Font Info:    ... okay on input line 23.
LaTeX Font Info:    Checking defaults for OMX/cmex/m/n on input line 23.
LaTeX Font Info:    ... okay on input line 23.
LaTeX Font Info:    Checking defaults for U/cmr/m/n on input line 23.
LaTeX Font Info:    ... okay on input line 23.

(C:\Users\Kevin\AppData\Roaming\MiKTeX\2.9\tex\context\base\supp-pdf.mkii
[Loading MPS to PDF converter (version 2006.09.02).]
\scratchcounter=\count106
\scratchdimen=\dimen120
\scratchbox=\box28
\nofMPsegments=\count107
\nofMParguments=\count108
\everyMPshowfont=\toks27
\MPscratchCnt=\count109
\MPscratchDim=\dimen121
\MPnumerator=\count110
\makeMPintoPDFobject=\count111
\everyMPtoPDFconversion=\toks28
)
LaTeX Font Info:    Try loading font information for U+msa on input line 27.
 ("C:\Program Files (x86)\MiKTeX 2.9\tex\latex\amsfonts\umsa.fd"
File: umsa.fd 2013/01/14 v3.01 AMS symbols A
)
LaTeX Font Info:    Try loading font information for U+msb on input line 27.

("C:\Program Files (x86)\MiKTeX 2.9\tex\latex\amsfonts\umsb.fd"
File: umsb.fd 2013/01/14 v3.01 AMS symbols B
) [1

{C:/Users/Kevin/AppData/Local/MiKTeX/2.9/pdftex/config/pdftex.map}]
("E:\000 Feb 2014 Back Up\WRITEUP\TransferMaster.toc")
\tf@toc=\write3
 [1

]
Chapter 1.
[2

] [3] [4] [5] <GrubbsScatter.jpeg, id=23, 655.44875pt x 655.44875pt>
File: GrubbsScatter.jpeg Graphic file (type jpg)

<use GrubbsScatter.jpeg>
Package pdftex.def Info: GrubbsScatter.jpeg used on input line 198.
(pdftex.def)             Requested size: 369.88582pt x 369.88918pt.


LaTeX Warning: `!h' float specifier changed to `!ht'.

[6]

LaTeX Warning: `!h' float specifier changed to `!ht'.


LaTeX Warning: `!h' float specifier changed to `!ht'.

[7 <E:/000 Feb 2014 Back Up/WRITEUP/GrubbsScatter.jpeg>]
Overfull \vbox (10.60109pt too high) has occurred while \output is active []


[8] <GrubbsBAplot-noLOA.jpeg, id=38, 655.44875pt x 655.44875pt>
File: GrubbsBAplot-noLOA.jpeg Graphic file (type jpg)

<use GrubbsBAplot-noLOA.jpeg>
Package pdftex.def Info: GrubbsBAplot-noLOA.jpeg used on input line 331.
(pdftex.def)             Requested size: 341.43306pt x 341.4354pt.


LaTeX Warning: `!h' float specifier changed to `!ht'.

<GrubbsDataTwoBAplots.jpeg, id=39, 1027.84pt x 694.595pt>
File: GrubbsDataTwoBAplots.jpeg Graphic file (type jpg)

<use GrubbsDataTwoBAplots.jpeg>
Package pdftex.def Info: GrubbsDataTwoBAplots.jpeg used on input line 345.
(pdftex.def)             Requested size: 378.94606pt x 256.0748pt.


LaTeX Warning: `!h' float specifier changed to `!ht'.

[9] [10 <E:/000 Feb 2014 Back Up/WRITEUP/GrubbsBAplot-noLOA.jpeg>]
<BAFanEffect.jpeg, id=46, 1027.84pt x 694.595pt>
File: BAFanEffect.jpeg Graphic file (type jpg)
 <use BAFanEffect.jpeg>
Package pdftex.def Info: BAFanEffect.jpeg used on input line 381.
(pdftex.def)             Requested size: 378.94606pt x 256.0748pt.


LaTeX Warning: `!h' float specifier changed to `!ht'.

<PropBias.jpeg, id=47, 1027.84pt x 694.595pt>
File: PropBias.jpeg Graphic file (type jpg)
 <use PropBias.jpeg>
Package pdftex.def Info: PropBias.jpeg used on input line 388.
(pdftex.def)             Requested size: 378.94606pt x 256.0748pt.


LaTeX Warning: `!h' float specifier changed to `!ht'.

<BAOutliers.jpeg, id=48, 1027.84pt x 694.595pt>
File: BAOutliers.jpeg Graphic file (type jpg)
 <use BAOutliers.jpeg>
Package pdftex.def Info: BAOutliers.jpeg used on input line 395.
(pdftex.def)             Requested size: 355.65944pt x 240.34564pt.


LaTeX Warning: `!h' float specifier changed to `!ht'.

[11 <E:/000 Feb 2014 Back Up/WRITEUP/GrubbsDataTwoBAplots.jpeg>]

LaTeX Warning: Text page 12 contains only floats.

[12 <E:/000 Feb 2014 Back Up/WRITEUP/BAFanEffect.jpeg> <E:/000 Feb 2014 Back Up
/WRITEUP/PropBias.jpeg>] [13 <E:/000 Feb 2014 Back Up/WRITEUP/BAOutliers.jpeg>]
<GrubbsBartko.jpeg, id=59, 1027.84pt x 694.595pt>
File: GrubbsBartko.jpeg Graphic file (type jpg)
 <use GrubbsBartko.jpeg>
Package pdftex.def Info: GrubbsBartko.jpeg used on input line 467.
(pdftex.def)             Requested size: 369.88582pt x 249.95862pt.


LaTeX Warning: `!h' float specifier changed to `!ht'.

<GrubbsBartko2.jpeg, id=60, 1027.84pt x 694.595pt>
File: GrubbsBartko2.jpeg Graphic file (type jpg)
 <use GrubbsBartko2.jpeg>
Package pdftex.def Info: GrubbsBartko2.jpeg used on input line 485.
(pdftex.def)             Requested size: 369.88582pt x 249.95862pt.


LaTeX Warning: `!h' float specifier changed to `!ht'.

[14] [15 <E:/000 Feb 2014 Back Up/WRITEUP/GrubbsBartko.jpeg> <E:/000 Feb 2014 B
ack Up/WRITEUP/GrubbsBartko2.jpeg>] [16] [17] [18] [19] [20] [21] [22] [23]
<ZhangDeming.jpeg, id=96, 560.0925pt x 559.08875pt>
File: ZhangDeming.jpeg Graphic file (type jpg)
 <use ZhangDeming.jpeg>
Package pdftex.def Info: ZhangDeming.jpeg used on input line 771.
(pdftex.def)             Requested size: 369.88582pt x 369.23857pt.

[24 <E:/000 Feb 2014 Back Up/WRITEUP/ZhangDeming.jpeg>]
Chapter 2.
[25

]

Package natbib Warning: Citation `Shiao' on page 26 undefined on input line 830
.

[26] [27] [28] [29] [30] ("E:\000 Feb 2014 Back Up\WRITEUP\TransferMaster.bbl"
[31] [32

]
Missing character: There is no ö in font cmr12!
Missing character: There is no – in font cmr12!
 [33]
Missing character: There is no – in font cmr12!
Missing character: There is no – in font cmr12!
Missing character: There is no — in font cmr12!
)

Package natbib Warning: There were undefined citations.

[34] ("E:\000 Feb 2014 Back Up\WRITEUP\TransferMaster.aux") ) 
Here is how much of TeX's memory you used:
 2850 strings out of 493921
 36231 string characters out of 3144875
 99084 words of memory out of 3000000
 6114 multiletter control sequences out of 15000+200000
 13356 words of font info for 51 fonts, out of 3000000 for 9000
 841 hyphenation exceptions out of 8191
 27i,9n,26p,245b,263s stack positions out of 5000i,500n,10000p,200000b,50000s
<C:/Program Files 
(x86)/MiKTeX 2.9/fonts/type1/public/amsfonts/cm/cmbx12.pfb><C:/Program Files (x
86)/MiKTeX 2.9/fonts/type1/public/amsfonts/cm/cmex10.pfb><C:/Program Files (x86
)/MiKTeX 2.9/fonts/type1/public/amsfonts/cm/cmmi12.pfb><C:/Program Files (x86)/
MiKTeX 2.9/fonts/type1/public/amsfonts/cm/cmmi6.pfb><C:/Program Files (x86)/MiK
TeX 2.9/fonts/type1/public/amsfonts/cm/cmmi8.pfb><C:/Program Files (x86)/MiKTeX
 2.9/fonts/type1/public/amsfonts/cm/cmr12.pfb><C:/Program Files (x86)/MiKTeX 2.
9/fonts/type1/public/amsfonts/cm/cmr17.pfb><C:/Program Files (x86)/MiKTeX 2.9/f
onts/type1/public/amsfonts/cm/cmr6.pfb><C:/Program Files (x86)/MiKTeX 2.9/fonts
/type1/public/amsfonts/cm/cmr8.pfb><C:/Program Files (x86)/MiKTeX 2.9/fonts/typ
e1/public/amsfonts/cm/cmsy10.pfb><C:/Program Files (x86)/MiKTeX 2.9/fonts/type1
/public/amsfonts/cm/cmsy8.pfb><C:/Program Files (x86)/MiKTeX 2.9/fonts/type1/pu
blic/amsfonts/cm/cmti12.pfb>
Output written on TransferMaster.pdf (35 pages, 947545 bytes).
PDF statistics:
 171 PDF objects out of 1000 (max. 8388607)
 0 named destinations out of 1000 (max. 500000)
 46 words of extra memory for PDF output out of 10000 (max. 10000000)

