This is pdfTeX, Version 3.1415926-2.4-1.40.13 (MiKTeX 2.9) (preloaded format=pdflatex 2013.6.13)  11 JUL 2014 11:55
entering extended mode
**BXC.tex
(C:\Users\Computer5\Dropbox\Public\MCSwithR\Chap4\BXC.tex
LaTeX2e <2011/06/27>
Babel <v3.8m> and hyphenation patterns for english, afrikaans, ancientgreek, ar
abic, armenian, assamese, basque, bengali, bokmal, bulgarian, catalan, coptic, 
croatian, czech, danish, dutch, esperanto, estonian, farsi, finnish, french, ga
lician, german, german-x-2012-05-30, greek, gujarati, hindi, hungarian, iceland
ic, indonesian, interlingua, irish, italian, kannada, kurmanji, latin, latvian,
 lithuanian, malayalam, marathi, mongolian, mongolianlmc, monogreek, ngerman, n
german-x-2012-05-30, nynorsk, oriya, panjabi, pinyin, polish, portuguese, roman
ian, russian, sanskrit, serbian, slovak, slovenian, spanish, swedish, swissgerm
an, tamil, telugu, turkish, turkmen, ukenglish, ukrainian, uppersorbian, usengl
ishmax, welsh, loaded.
(C:\Users\Computer5\AppData\Roaming\MiKTeX\2.9\tex\latex\subfiles\subfiles.cls
Document Class: subfiles 2012/05/23 Federico Garcia
("C:\Program Files\MiKTeX 2.9\tex\latex\tools\verbatim.sty"
Package: verbatim 2003/08/22 v1.5q LaTeX2e package for verbatim enhancements
\every@verbatim=\toks14
\verbatim@line=\toks15
\verbatim@in@stream=\read1
)
Preamble taken from file `Chap4main.tex'
(C:\Users\Computer5\Dropbox\Public\MCSwithR\Chap4\Chap4main.tex
("C:\Program Files\MiKTeX 2.9\tex\latex\base\article.cls"
Document Class: article 2007/10/19 v1.4h Standard LaTeX document class
("C:\Program Files\MiKTeX 2.9\tex\latex\base\size12.clo"
File: size12.clo 2007/10/19 v1.4h Standard LaTeX file (size option)
)
\c@part=\count79
\c@section=\count80
\c@subsection=\count81
\c@subsubsection=\count82
\c@paragraph=\count83
\c@subparagraph=\count84
\c@figure=\count85
\c@table=\count86
\abovecaptionskip=\skip41
\belowcaptionskip=\skip42
\bibindent=\dimen102
)
("C:\Program Files\MiKTeX 2.9\tex\latex\tools\array.sty"
Package: array 2008/09/09 v2.4c Tabular extension package (FMi)
\col@sep=\dimen103
\extrarowheight=\dimen104
\NC@list=\toks16
\extratabsurround=\skip43
\backup@length=\skip44
)
("C:\Program Files\MiKTeX 2.9\tex\latex\tools\longtable.sty"
Package: longtable 2004/02/01 v4.11 Multi-page Table package (DPC)
\LTleft=\skip45
\LTright=\skip46
\LTpre=\skip47
\LTpost=\skip48
\LTchunksize=\count87
\LTcapwidth=\dimen105
\LT@head=\box26
\LT@firsthead=\box27
\LT@foot=\box28
\LT@lastfoot=\box29
\LT@cols=\count88
\LT@rows=\count89
\c@LT@tables=\count90
\c@LT@chunks=\count91
\LT@p@ftn=\toks17
)
(C:\Users\Computer5\AppData\Roaming\MiKTeX\2.9\tex\latex\colortab\colortab.sty
("C:\Program Files\MiKTeX 2.9\tex\latex\pstricks\pstricks.sty"
Package: pstricks 2012/08/24 v0.53 LaTeX wrapper for `PSTricks' (RN,HV)

("C:\Program Files\MiKTeX 2.9\tex\generic\pstricks\base\pstricks.tex"
("C:\Program Files\MiKTeX 2.9\tex\generic\xkeyval\pst-xkey.tex"
File: pst-xkey.tex 2005/11/25 v1.6 PSTricks specialization of xkeyval (HA)

("C:\Program Files\MiKTeX 2.9\tex\latex\xkeyval\xkeyval.sty"
Package: xkeyval 2012/10/14 v2.6b package option processing (HA)

("C:\Program Files\MiKTeX 2.9\tex\generic\xkeyval\xkeyval.tex"
\XKV@toks=\toks18
\XKV@tempa@toks=\toks19
\XKV@depth=\count92
File: xkeyval.tex 2012/10/14 v2.6b key=value parser (HA)

("C:\Program Files\MiKTeX 2.9\tex\generic\xkeyval\keyval.tex"))))
("C:\Program Files\MiKTeX 2.9\tex\generic\pstricks\base\pst-fp.tex"
`pst-fp' v0.05, 2010/01/17 (hv)
\pstFP@xs=\count93
\pstFP@xia=\count94
\pstFP@xib=\count95
\pstFP@xfa=\count96
\pstFP@xfb=\count97
\pstFP@rega=\count98
\pstFP@regb=\count99
\pstFP@regs=\count100
\pstFP@times=\count101
)
(C:\Users\Computer5\AppData\Roaming\MiKTeX\2.9\tex\generic\pgf\utilities\pgfuti
l-common.tex
\pgfutil@everybye=\toks20
)
(C:\Users\Computer5\AppData\Roaming\MiKTeX\2.9\tex\generic\pgf\utilities\pgfkey
s.code.tex
\pgfkeys@pathtoks=\toks21
\pgfkeys@temptoks=\toks22

(C:\Users\Computer5\AppData\Roaming\MiKTeX\2.9\tex\generic\pgf\utilities\pgfkey
sfiltered.code.tex
\pgfkeys@tmptoks=\toks23
))
(C:\Users\Computer5\AppData\Roaming\MiKTeX\2.9\tex\generic\pgf\utilities\pgffor
.code.tex
\pgffor@iter=\dimen106
\pgffor@skip=\dimen107
\pgffor@stack=\toks24
\pgffor@toks=\toks25
)
\psLoopIndex=\count102

`PSTricks' v2.35  <2012/12/21> (tvz)
\pst@dima=\dimen108
\pst@dimb=\dimen109
\pst@dimc=\dimen110
\pst@dimd=\dimen111
\pst@dimg=\dimen112
\pst@dimh=\dimen113
\pst@dimm=\dimen114
\pst@dimn=\dimen115
\pst@dimo=\dimen116
\pst@dimp=\dimen117
\pst@hbox=\box30
\pst@ibox=\box31
\pst@boxg=\box32
\pst@cnta=\count103
\pst@cntb=\count104
\pst@cntc=\count105
\pst@cntd=\count106
\pst@cntg=\count107
\pst@cnth=\count108
\pst@cntm=\count109
\pst@cntn=\count110
\pst@cnto=\count111
\pst@cntp=\count112
\@zero=\count113
\pst@toks=\toks26
("C:\Program Files\MiKTeX 2.9\tex\generic\pstricks\base\pstricks.con")
\psunit=\dimen118
\psxunit=\dimen119
\psyunit=\dimen120
\pst@C@@rType=\count114
\pslinewidth=\dimen121
\psk@startLW=\dimen122
\psk@endLW=\dimen123
\pst@customdefs=\toks27
\pslinearc=\dimen124
\pst@symbolStep=\dimen125
\pst@symbolWidth=\dimen126
\pst@symbolLinewidth=\dimen127
\everypsbox=\toks28
\psframesep=\dimen128
\pslabelsep=\dimen129
\pst@shift=\dimen130
\theoverlaybox=\box33
)
File: pstricks.tex 2012/12/21 v2.35 `PSTricks' (tvz,hv)

("C:\Program Files\MiKTeX 2.9\tex\generic\pstricks\base\pst-fp.tex")
File: pst-fp.tex 2012/12/21 v2.35 `PST-fp' (hv)

(C:\Users\Computer5\AppData\Roaming\MiKTeX\2.9\tex\latex\xcolor\xcolor.sty
Package: xcolor 2007/01/21 v2.11 LaTeX color extensions (UK)

("C:\Program Files\MiKTeX 2.9\tex\latex\00miktex\color.cfg"
File: color.cfg 2007/01/18 v1.5 color configuration of teTeX/TeXLive
)
Package xcolor Info: Driver file: pdftex.def on input line 225.

("C:\Program Files\MiKTeX 2.9\tex\latex\pdftex-def\pdftex.def"
File: pdftex.def 2011/05/27 v0.06d Graphics/color for pdfTeX

("C:\Program Files\MiKTeX 2.9\tex\generic\oberdiek\infwarerr.sty"
Package: infwarerr 2010/04/08 v1.3 Providing info/warning/error messages (HO)
)
("C:\Program Files\MiKTeX 2.9\tex\generic\oberdiek\ltxcmds.sty"
Package: ltxcmds 2011/11/09 v1.22 LaTeX kernel commands for general use (HO)
)
\Gread@gobject=\count115
)
Package xcolor Info: Model `cmy' substituted by `cmy0' on input line 1337.
Package xcolor Info: Model `hsb' substituted by `rgb' on input line 1341.
Package xcolor Info: Model `RGB' extended on input line 1353.
Package xcolor Info: Model `HTML' substituted by `rgb' on input line 1355.
Package xcolor Info: Model `Hsb' substituted by `hsb' on input line 1356.
Package xcolor Info: Model `tHsb' substituted by `hsb' on input line 1357.
Package xcolor Info: Model `HSB' substituted by `hsb' on input line 1358.
Package xcolor Info: Model `Gray' substituted by `gray' on input line 1359.
Package xcolor Info: Model `wave' substituted by `hsb' on input line 1360.
))
(C:\Users\Computer5\AppData\Roaming\MiKTeX\2.9\tex\latex\fancybox\fancybox.sty
Package: fancybox 2010/05/15 1.4

Style option: `fancybox' v1.4 <2010/05/15> (tvz)
\@fancybox=\box34
\shadowsize=\dimen131
\@Sbox=\box35
\do@VerbBox=\toks29
\the@fancyput=\toks30
\this@fancyput=\toks31
\EndVerbatimTokens=\toks32
\Verbatim@Outfile=\write3
\Verbatim@Infile=\read2
)
Package: colortab 2010/05/13 package wrapper for colortab.tex (hv)

(C:\Users\Computer5\AppData\Roaming\MiKTeX\2.9\tex\generic\colortab\colortab.te
x   v1.0  10/05/13  <tvz>
\CT@cnt=\count116
\CT@dim=\dimen132
\CT@box=\box36
\CT@preamble=\toks33
\CT@LCnum=\count117
)
File: colortab.tex 10/05/13 v1.0 `colortab' (tvz)
)
(C:\Users\Computer5\AppData\Roaming\MiKTeX\2.9\tex\latex\colortbl\colortbl.sty
Package: colortbl 2012/02/13 v1.0a Color table columns (DPC)
\everycr=\toks34
\minrowclearance=\skip49
) (C:\Users\Computer5\AppData\Roaming\MiKTeX\2.9\tex\latex\arydshln\arydshln.st
y
Package: arydshln 2004/08/31 v1.71 
\dashlinedash=\dimen133
\dashlinegap=\dimen134
\adl@box=\box37
\adl@height=\dimen135
\adl@heightsave=\dimen136
\adl@depth=\dimen137
\adl@depthsave=\dimen138
\adl@finaldepth=\dimen139
\adl@columns=\count118
\adl@ncol=\count119
\adl@currentcolumn=\count120
\adl@currentcolumnsave=\count121
\adl@totalheight=\count122
\adl@totalheightsave=\count123
\adl@dash=\count124
\adl@gap=\count125
\adl@cla=\count126
\adl@clb=\count127
\adl@everyvbox=\toks35
\adl@LTpagetotal=\dimen140
) ("C:\Program Files\MiKTeX 2.9\tex\latex\graphics\epsfig.sty"
Package: epsfig 1999/02/16 v1.7a (e)psfig emulation (SPQR)

("C:\Program Files\MiKTeX 2.9\tex\latex\graphics\graphicx.sty"
Package: graphicx 1999/02/16 v1.0f Enhanced LaTeX Graphics (DPC,SPQR)

("C:\Program Files\MiKTeX 2.9\tex\latex\graphics\graphics.sty"
Package: graphics 2009/02/05 v1.0o Standard LaTeX Graphics (DPC,SPQR)

("C:\Program Files\MiKTeX 2.9\tex\latex\graphics\trig.sty"
Package: trig 1999/03/16 v1.09 sin cos tan (DPC)
)
("C:\Program Files\MiKTeX 2.9\tex\latex\00miktex\graphics.cfg"
File: graphics.cfg 2007/01/18 v1.5 graphics configuration of teTeX/TeXLive
)
Package graphics Info: Driver file: pdftex.def on input line 91.
)
\Gin@req@height=\dimen141
\Gin@req@width=\dimen142
)
\epsfxsize=\dimen143
\epsfysize=\dimen144
)
(C:\Users\Computer5\AppData\Roaming\MiKTeX\2.9\tex\latex\subfigure\subfigure.st
y
Package: subfigure 2002/07/30 v2.1.4 subfigure package
\subfigtopskip=\skip50
\subfigcapskip=\skip51
\subfigcaptopadj=\dimen145
\subfigbottomskip=\skip52
\subfigcapmargin=\dimen146
\subfiglabelskip=\skip53
\c@subfigure=\count128
\c@lofdepth=\count129
\c@subtable=\count130
\c@lotdepth=\count131

****************************************
* Local config file subfigure.cfg used *
****************************************

(C:\Users\Computer5\AppData\Roaming\MiKTeX\2.9\tex\latex\subfigure\subfigure.cf
g)
\subfig@top=\skip54
\subfig@bottom=\skip55
) ("C:\Program Files\MiKTeX 2.9\tex\latex\amsfonts\amssymb.sty"
Package: amssymb 2013/01/14 v3.01 AMS font symbols

("C:\Program Files\MiKTeX 2.9\tex\latex\amsfonts\amsfonts.sty"
Package: amsfonts 2013/01/14 v3.01 Basic AMSFonts support
\@emptytoks=\toks36
\symAMSa=\mathgroup4
\symAMSb=\mathgroup5
LaTeX Font Info:    Overwriting math alphabet `\mathfrak' in version `bold'
(Font)                  U/euf/m/n --> U/euf/b/n on input line 106.
))
("C:\Program Files\MiKTeX 2.9\tex\latex\amsmath\amsbsy.sty"
Package: amsbsy 1999/11/29 v1.2d

("C:\Program Files\MiKTeX 2.9\tex\latex\amsmath\amsgen.sty"
File: amsgen.sty 1999/11/30 v2.0
\@emptytoks=\toks37
\ex@=\dimen147
)
\pmbraise@=\dimen148
)
("C:\Program Files\MiKTeX 2.9\tex\latex\amscls\amsthm.sty"
Package: amsthm 2004/08/06 v2.20
\thm@style=\toks38
\thm@bodyfont=\toks39
\thm@headfont=\toks40
\thm@notefont=\toks41
\thm@headpunct=\toks42
\thm@preskip=\skip56
\thm@postskip=\skip57
\thm@headsep=\skip58
\dth@everypar=\toks43
)
("C:\Program Files\MiKTeX 2.9\tex\latex\amsmath\amsmath.sty"
Package: amsmath 2013/01/14 v2.14 AMS math features
\@mathmargin=\skip59

For additional information on amsmath, use the `?' option.
("C:\Program Files\MiKTeX 2.9\tex\latex\amsmath\amstext.sty"
Package: amstext 2000/06/29 v2.01
)
("C:\Program Files\MiKTeX 2.9\tex\latex\amsmath\amsopn.sty"
Package: amsopn 1999/12/14 v2.01 operator names
)
\inf@bad=\count132
LaTeX Info: Redefining \frac on input line 210.
\uproot@=\count133
\leftroot@=\count134
LaTeX Info: Redefining \overline on input line 306.
\classnum@=\count135
\DOTSCASE@=\count136
LaTeX Info: Redefining \ldots on input line 378.
LaTeX Info: Redefining \dots on input line 381.
LaTeX Info: Redefining \cdots on input line 466.
\Mathstrutbox@=\box38
\strutbox@=\box39
\big@size=\dimen149
LaTeX Font Info:    Redeclaring font encoding OML on input line 566.
LaTeX Font Info:    Redeclaring font encoding OMS on input line 567.
\macc@depth=\count137
\c@MaxMatrixCols=\count138
\dotsspace@=\muskip10
\c@parentequation=\count139
\dspbrk@lvl=\count140
\tag@help=\toks44
\row@=\count141
\column@=\count142
\maxfields@=\count143
\andhelp@=\toks45
\eqnshift@=\dimen150
\alignsep@=\dimen151
\tagshift@=\dimen152
\tagwidth@=\dimen153
\totwidth@=\dimen154
\lineht@=\dimen155
\@envbody=\toks46
\multlinegap=\skip60
\multlinetaggap=\skip61
\mathdisplay@stack=\toks47
LaTeX Info: Redefining \[ on input line 2665.
LaTeX Info: Redefining \] on input line 2666.
)
(C:\Users\Computer5\AppData\Roaming\MiKTeX\2.9\tex\latex\natbib\natbib.sty
Package: natbib 2010/09/13 8.31b (PWD, AO)
\bibhang=\skip62
\bibsep=\skip63
LaTeX Info: Redefining \cite on input line 694.
\c@NAT@ctr=\count144
)
(C:\Users\Computer5\AppData\Roaming\MiKTeX\2.9\tex\latex\framed\framed.sty
Package: framed 2011/10/22 v 0.96: framed or shaded text with page breaks
\OuterFrameSep=\skip64
\fb@frw=\dimen156
\fb@frh=\dimen157
\FrameRule=\dimen158
\FrameSep=\dimen159
)
(C:\Users\Computer5\AppData\Roaming\MiKTeX\2.9\tex\latex\subfiles\subfiles.sty
Package: subfiles 2012/05/23 Federico Garcia
) (C:\Users\Computer5\AppData\Roaming\MiKTeX\2.9\tex\latex\pdfpages\pdfpages.st
y
Package: pdfpages 2013/08/25 v0.4v Insert pages of external PDF documents (AM)
("C:\Program Files\MiKTeX 2.9\tex\latex\base\ifthen.sty"
Package: ifthen 2001/05/26 v1.1c Standard LaTeX ifthen package (DPC)
)
("C:\Program Files\MiKTeX 2.9\tex\latex\tools\calc.sty"
Package: calc 2007/08/22 v4.3 Infix arithmetic (KKT,FJ)
\calc@Acount=\count145
\calc@Bcount=\count146
\calc@Adimen=\dimen160
\calc@Bdimen=\dimen161
\calc@Askip=\skip65
\calc@Bskip=\skip66
LaTeX Info: Redefining \setlength on input line 76.
LaTeX Info: Redefining \addtolength on input line 77.
\calc@Ccount=\count147
\calc@Cskip=\skip67
)
(C:\Users\Computer5\AppData\Roaming\MiKTeX\2.9\tex\latex\eso-pic\eso-pic.sty
Package: eso-pic 2013/10/06 v2.0d eso-pic (RN)

("C:\Program Files\MiKTeX 2.9\tex\generic\oberdiek\atbegshi.sty"
Package: atbegshi 2011/10/05 v1.16 At begin shipout hook (HO)

("C:\Program Files\MiKTeX 2.9\tex\generic\oberdiek\ifpdf.sty"
Package: ifpdf 2011/01/30 v2.3 Provides the ifpdf switch (HO)
Package ifpdf Info: pdfTeX in PDF mode is detected.
)))
(C:\Users\Computer5\AppData\Roaming\MiKTeX\2.9\tex\latex\pdfpages\pppdftex.def
File: pppdftex.def 2013/08/25 v0.4v Pdfpages driver for pdfTeX (AM)
)
\AM@pagebox=\box40
\AM@toc@title=\toks48
\c@AM@survey=\count148
\AM@templatesizebox=\box41
) (C:\Users\Computer5\AppData\Roaming\MiKTeX\2.9\tex\latex\ieeepes\vmargin.sty
Package: vmargin 1999/06/01

Package `vmargin', V2.2, <1999/06/01>
\PaperWidth=\dimen162
\PaperHeight=\dimen163
)
\c@theorem=\count149
\c@axiom=\count150
\c@definition=\count151
\c@notation=\count152
\c@remark=\count153
\c@example=\count154
)) (C:\Users\Computer5\Dropbox\Public\MCSwithR\Chap4\BXC.aux)
LaTeX Font Info:    Checking defaults for OML/cmm/m/it on input line 7.
LaTeX Font Info:    ... okay on input line 7.
LaTeX Font Info:    Checking defaults for T1/cmr/m/n on input line 7.
LaTeX Font Info:    ... okay on input line 7.
LaTeX Font Info:    Checking defaults for OT1/cmr/m/n on input line 7.
LaTeX Font Info:    ... okay on input line 7.
LaTeX Font Info:    Checking defaults for OMS/cmsy/m/n on input line 7.
LaTeX Font Info:    ... okay on input line 7.
LaTeX Font Info:    Checking defaults for OMX/cmex/m/n on input line 7.
LaTeX Font Info:    ... okay on input line 7.
LaTeX Font Info:    Checking defaults for U/cmr/m/n on input line 7.
LaTeX Font Info:    ... okay on input line 7.

(C:\Users\Computer5\AppData\Roaming\MiKTeX\2.9\tex\context\base\supp-pdf.mkii
[Loading MPS to PDF converter (version 2006.09.02).]
\scratchcounter=\count155
\scratchdimen=\dimen164
\scratchbox=\box42
\nofMPsegments=\count156
\nofMParguments=\count157
\everyMPshowfont=\toks49
\MPscratchCnt=\count158
\MPscratchDim=\dimen165
\MPnumerator=\count159
\makeMPintoPDFobject=\count160
\everyMPtoPDFconversion=\toks50
)
\AtBeginShipoutBox=\box43


Package natbib Warning: Citation `bxc2008' on page 1 undefined on input line 11
.

LaTeX Font Info:    Try loading font information for U+msa on input line 11.
("C:\Program Files\MiKTeX 2.9\tex\latex\amsfonts\umsa.fd"
File: umsa.fd 2013/01/14 v3.01 AMS symbols A
)
LaTeX Font Info:    Try loading font information for U+msb on input line 11.

("C:\Program Files\MiKTeX 2.9\tex\latex\amsfonts\umsb.fd"
File: umsb.fd 2013/01/14 v3.01 AMS symbols B
)

Package natbib Warning: Citation `bxc2008' on page 1 undefined on input line 19
.


Package natbib Warning: Citation `bxc2008' on page 1 undefined on input line 28
.


Package natbib Warning: Citation `bxc' on page 1 undefined on input line 28.

[1
Non-PDF special ignored!
Non-PDF special ignored!
Non-PDF special ignored!
Non-PDF special ignored!


Non-PDF special ignored!
Non-PDF special ignored!{C:/Users/Computer5/AppData/Local/MiKTeX/2.9/pdftex/con
fig/pdftex.map}]

Package natbib Warning: There were undefined citations.

[2] (C:\Users\Computer5\Dropbox\Public\MCSwithR\Chap4\BXC.aux) ) 
Here is how much of TeX's memory you used:
 6864 strings out of 493921
 97710 string characters out of 3147270
 183349 words of memory out of 3000000
 10032 multiletter control sequences out of 15000+200000
 9803 words of font info for 37 fonts, out of 3000000 for 9000
 841 hyphenation exceptions out of 8191
 53i,6n,55p,395b,123s stack positions out of 5000i,500n,10000p,200000b,50000s
<C:/Program Fil
es/MiKTeX 2.9/fonts/type1/public/amsfonts/cm/cmbx12.pfb><C:/Program Files/MiKTe
X 2.9/fonts/type1/public/amsfonts/cm/cmex10.pfb><C:/Program Files/MiKTeX 2.9/fo
nts/type1/public/amsfonts/cm/cmmi12.pfb><C:/Program Files/MiKTeX 2.9/fonts/type
1/public/amsfonts/cm/cmmi8.pfb><C:/Program Files/MiKTeX 2.9/fonts/type1/public/
amsfonts/cm/cmr12.pfb><C:/Program Files/MiKTeX 2.9/fonts/type1/public/amsfonts/
cm/cmr8.pfb><C:/Program Files/MiKTeX 2.9/fonts/type1/public/amsfonts/cm/cmsy10.
pfb>
Output written on BXC.pdf (2 pages, 76409 bytes).
PDF statistics:
 37 PDF objects out of 1000 (max. 8388607)
 0 named destinations out of 1000 (max. 500000)
 1 words of extra memory for PDF output out of 10000 (max. 10000000)

